Command: vcs -full64 -debug_acc+all -timescale=1ns/100ps -l vcs.log -f run.f
                         Chronologic VCS (TM)
      Version S-2021.09-SP2-9_Full64 -- Thu Mar 20 06:33:32 2025

                    Copyright (c) 1991 - 2023 Synopsys, Inc.
   This software and the associated documentation are proprietary to Synopsys,
 Inc. This software may only be used in accordance with the terms and conditions
 of a written license agreement with Synopsys, Inc. All other use, reproduction,
   or distribution of this software is strictly prohibited.  Licensed Products
     communicate with Synopsys servers for the purpose of providing software
    updates, detecting software piracy and verifying that customers are using
    Licensed Products in conformity with the applicable License Key for such
  Licensed Products. Synopsys will use information gathered in connection with
    this process to deliver software updates and pursue software pirates and
                                   infringers.

 Inclusivity & Diversity - Visit SolvNetPlus to read the "Synopsys Statement on
            Inclusivity and Diversity" (Refer to article 000036315 at
                        https://solvnetplus.synopsys.com)

Parsing design file '../../rtl/dff.v'
Parsing design file '../tb/tb_dff.v'
Top Level Modules:
       tb_dff
TimeScale is 1 ns / 100 ps
Starting vcs inline pass...

1 module and 0 UDP read.
recompiling module tb_dff
rm -f _cuarc*.so _csrc*.so pre_vcsobj_*.so share_vcsobj_*.so
if [ -x ../simv ]; then chmod a-x ../simv; fi
g++  -o ../simv      -rdynamic  -Wl,-rpath='$ORIGIN'/simv.daidir -Wl,-rpath=./simv.daidir \
-Wl,-rpath=/tools/synopsys_2021/vcs/S-2021.09-SP2-9/linux64/lib -L/tools/synopsys_2021/vcs/S-2021.09-SP2-9/linux64/lib \
-Wl,-rpath-link=./  /usr/lib64/libnuma.so.1   objs/amcQw_d.o   _2793551_archive_1.so \
SIM_l.o      rmapats_mop.o rmapats.o rmar.o rmar_nd.o  rmar_llvm_0_1.o rmar_llvm_0_0.o \
-lvirsim -lerrorinf -lsnpsmalloc -lvfs    -lvcsnew -lsimprofile -luclinative /tools/synopsys_2021/vcs/S-2021.09-SP2-9/linux64/lib/vcs_tls.o \
-Wl,-whole-archive  -lvcsucli    -Wl,-no-whole-archive        _vcs_pli_stub_.o   \
/tools/synopsys_2021/vcs/S-2021.09-SP2-9/linux64/lib/vcs_save_restore_new.o /tools/synopsys_2021/verdi/S-2021.09-SP2-9/share/PLI/VCS/LINUX64/pli.a \
-ldl  -lc -lm -lpthread -ldl 
../simv up to date
CPU time: .187 seconds to compile + .195 seconds to elab + .194 seconds to link
