
                           Design Compiler Graphical 
                                 DC Ultra (TM)
                                  DFTMAX (TM)
                              Power Compiler (TM)
                                 DesignWare (R)
                                 DC Expert (TM)
                               Design Vision (TM)
                               HDL Compiler (TM)
                               VHDL Compiler (TM)
                                  DFT Compiler
                               Design Compiler(R)

              Version S-2021.06-SP5-5 for linux64 - Sep 20, 2022 

                    Copyright (c) 1988 - 2022 Synopsys, Inc.
   This software and the associated documentation are proprietary to Synopsys,
 Inc. This software may only be used in accordance with the terms and conditions
 of a written license agreement with Synopsys, Inc. All other use, reproduction,
   or distribution of this software is strictly prohibited.  Licensed Products
     communicate with Synopsys servers for the purpose of providing software
    updates, detecting software piracy and verifying that customers are using
    Licensed Products in conformity with the applicable License Key for such
  Licensed Products. Synopsys will use information gathered in connection with
    this process to deliver software updates and pursue software pirates and
                                   infringers.

 Inclusivity & Diversity - Visit SolvNetPlus to read the "Synopsys Statement on
            Inclusivity and Diversity" (Refer to article 000036315 at
                        https://solvnetplus.synopsys.com)
Initializing...
Initializing gui preferences from file  /home1/std251_4/.synopsys_dc_gui/preferences.tcl
##########################################################################################
# Reading a Verilog RTL File
##########################################################################################
source -e -v ./scr/1_run_syn_setup
## .synopsys_dc.setup file
source -e -v ./.synopsys_dc.setup
#########################################################################################
# User-defined variables for logical library, RTL setup
##########################################################################################
set lib_rvt 	"/tools/dk/SAED32_EDK/lib/stdcell_rvt/db_nldm" 	;#  Logic cell library directory
/tools/dk/SAED32_EDK/lib/stdcell_rvt/db_nldm
set lib_hvt 	"/tools/dk/SAED32_EDK/lib/stdcell_hvt/db_nldm" 	;#  Logic cell library directory
/tools/dk/SAED32_EDK/lib/stdcell_hvt/db_nldm
set lib_lvt 	"/tools/dk/SAED32_EDK/lib/stdcell_lvt/db_nldm" 	;#  Logic cell library directory
/tools/dk/SAED32_EDK/lib/stdcell_lvt/db_nldm
set lib_io 	"/tools/dk/SAED32_EDK/lib/io_std/db_nldm" 	;#  IO library directory
/tools/dk/SAED32_EDK/lib/io_std/db_nldm
set lib_mem 	"/tools/dk/SAED32_EDK/lib/sram/db_nldm" 	;#  Memory library directory
/tools/dk/SAED32_EDK/lib/sram/db_nldm
set lib_pll 	"/tools/dk/SAED32_EDK/lib/pll/db_nldm" 		;#  PLL library directory
/tools/dk/SAED32_EDK/lib/pll/db_nldm
set RTL_path 	"../rtl" 					;#  RTL directory
../rtl
######################################################################
# Search path Settings
######################################################################
set search_path ". $lib_rvt \
		$lib_hvt \
		$lib_lvt \
		$lib_io \
		$lib_mem \
		$lib_pll \
		$RTL_path"
. /tools/dk/SAED32_EDK/lib/stdcell_rvt/db_nldm  /tools/dk/SAED32_EDK/lib/stdcell_hvt/db_nldm  /tools/dk/SAED32_EDK/lib/stdcell_lvt/db_nldm  /tools/dk/SAED32_EDK/lib/io_std/db_nldm  /tools/dk/SAED32_EDK/lib/sram/db_nldm  /tools/dk/SAED32_EDK/lib/pll/db_nldm  ../rtl
##########################################################################################
# Target library setup
##########################################################################################
set target_library "saed32rvt_ss0p95v125c.db"
saed32rvt_ss0p95v125c.db
##########################################################################################
# Link library setup
##########################################################################################
set link_library "* $target_library \
		saed32io_fc_ss0p95v125c_2p25v.db \
		saed32pll_ss0p95v125c_2p25v.db \
		saed32sram_ss0p95v125c.db \
		dw_foundation.sldb"
* saed32rvt_ss0p95v125c.db  saed32io_fc_ss0p95v125c_2p25v.db  saed32pll_ss0p95v125c_2p25v.db  saed32sram_ss0p95v125c.db  dw_foundation.sldb
##########################################################################################
# User setup
##########################################################################################
define_design_lib work -path "./work"
1
set hdlin_enable_rtldrc_info true
true
set hdlin_enable_presto_for_vl true
true
true
true
source -e -v ./scr/2_run_syn_read_verilog
## read verilig rtl files
read_verilog fir13_filter.v
Loading db file '/tools/dk/SAED32_EDK/lib/stdcell_rvt/db_nldm/saed32rvt_ss0p95v125c.db'
Loading db file '/tools/dk/SAED32_EDK/lib/io_std/db_nldm/saed32io_fc_ss0p95v125c_2p25v.db'
Loading db file '/tools/dk/SAED32_EDK/lib/pll/db_nldm/saed32pll_ss0p95v125c_2p25v.db'
Loading db file '/tools/dk/SAED32_EDK/lib/sram/db_nldm/saed32sram_ss0p95v125c.db'
Loading db file '/tools/synopsys_2021/syn/S-2021.06-SP5-5/libraries/syn/dw_foundation.sldb'
Loading db file '/tools/synopsys_2021/syn/S-2021.06-SP5-5/libraries/syn/gtech.db'
Loading db file '/tools/synopsys_2021/syn/S-2021.06-SP5-5/libraries/syn/standard.sldb'
  Loading link library 'saed32rvt_ss0p95v125c'
  Loading link library 'saed32io_fc_ss0p95v125c_2p25v'
  Loading link library 'saed32pll_ss0p95v125c_2p25v'
  Loading link library 'saed32sram_ss0p95v125c'
  Loading link library 'gtech'
Loading verilog file '/home1/std251_4/ASIC_final/rtl/fir13_filter.v'
Detecting input file type automatically (-rtl or -netlist).
Reading with Presto HDL Compiler (equivalent to -rtl option).
Running PRESTO HDLC
Compiling source file /home1/std251_4/ASIC_final/rtl/fir13_filter.v

Inferred memory devices in process
	in routine fir13_filter line 21 in file
		'/home1/std251_4/ASIC_final/rtl/fir13_filter.v'.
===============================================================================
|    Register Name    |   Type    | Width | Bus | MB | AR | AS | SR | SS | ST |
===============================================================================
|       x11_reg       | Flip-flop |   8   |  Y  | N  | Y  | N  | N  | N  | N  |
|       x12_reg       | Flip-flop |   8   |  Y  | N  | Y  | N  | N  | N  | N  |
|       x0_reg        | Flip-flop |   8   |  Y  | N  | Y  | N  | N  | N  | N  |
|       x1_reg        | Flip-flop |   8   |  Y  | N  | Y  | N  | N  | N  | N  |
|       x2_reg        | Flip-flop |   8   |  Y  | N  | Y  | N  | N  | N  | N  |
|       x3_reg        | Flip-flop |   8   |  Y  | N  | Y  | N  | N  | N  | N  |
|       x4_reg        | Flip-flop |   8   |  Y  | N  | Y  | N  | N  | N  | N  |
|       x5_reg        | Flip-flop |   8   |  Y  | N  | Y  | N  | N  | N  | N  |
|       x6_reg        | Flip-flop |   8   |  Y  | N  | Y  | N  | N  | N  | N  |
|       x7_reg        | Flip-flop |   8   |  Y  | N  | Y  | N  | N  | N  | N  |
|       x8_reg        | Flip-flop |   8   |  Y  | N  | Y  | N  | N  | N  | N  |
|       x9_reg        | Flip-flop |   8   |  Y  | N  | Y  | N  | N  | N  | N  |
|       x10_reg       | Flip-flop |   8   |  Y  | N  | Y  | N  | N  | N  | N  |
===============================================================================

Inferred memory devices in process
	in routine fir13_filter line 57 in file
		'/home1/std251_4/ASIC_final/rtl/fir13_filter.v'.
===============================================================================
|    Register Name    |   Type    | Width | Bus | MB | AR | AS | SR | SS | ST |
===============================================================================
|      s2_0_reg       | Flip-flop |  19   |  Y  | N  | Y  | N  | N  | N  | N  |
|      s2_1_reg       | Flip-flop |  19   |  Y  | N  | Y  | N  | N  | N  | N  |
===============================================================================

Inferred memory devices in process
	in routine fir13_filter line 69 in file
		'/home1/std251_4/ASIC_final/rtl/fir13_filter.v'.
===============================================================================
|    Register Name    |   Type    | Width | Bus | MB | AR | AS | SR | SS | ST |
===============================================================================
|       acc_reg       | Flip-flop |  11   |  Y  | N  | Y  | N  | N  | N  | N  |
===============================================================================

Inferred memory devices in process
	in routine fir13_filter line 89 in file
		'/home1/std251_4/ASIC_final/rtl/fir13_filter.v'.
===============================================================================
|    Register Name    |   Type    | Width | Bus | MB | AR | AS | SR | SS | ST |
===============================================================================
|      y_out_reg      | Flip-flop |   8   |  Y  | N  | Y  | N  | N  | N  | N  |
===============================================================================
Presto compilation completed successfully.
Current design is now '/home1/std251_4/ASIC_final/rtl/fir13_filter.db:fir13_filter'
Loaded 1 design.
Current design is 'fir13_filter'.
fir13_filter
current_design fir13_filter
Current design is 'fir13_filter'.
{fir13_filter}
{fir13_filter}
##########################################################################################
# Explicitly Link the Design and Checks Current Design for Connectivity Hierarchy Issues
##########################################################################################
source -e -v ./scr/3_run_syn_link_check
# link design
current_design fir13_filter
Current design is 'fir13_filter'.
{fir13_filter}
link

  Linking design 'fir13_filter'
  Using the following designs and libraries:
  --------------------------------------------------------------------------
  fir13_filter                /home1/std251_4/ASIC_final/rtl/fir13_filter.db
  saed32rvt_ss0p95v125c (library) /tools/dk/SAED32_EDK/lib/stdcell_rvt/db_nldm/saed32rvt_ss0p95v125c.db
  saed32io_fc_ss0p95v125c_2p25v (library) /tools/dk/SAED32_EDK/lib/io_std/db_nldm/saed32io_fc_ss0p95v125c_2p25v.db
  saed32pll_ss0p95v125c_2p25v (library) /tools/dk/SAED32_EDK/lib/pll/db_nldm/saed32pll_ss0p95v125c_2p25v.db
  saed32sram_ss0p95v125c (library) /tools/dk/SAED32_EDK/lib/sram/db_nldm/saed32sram_ss0p95v125c.db
  dw_foundation.sldb (library) /tools/synopsys_2021/syn/S-2021.06-SP5-5/libraries/syn/dw_foundation.sldb

1
# check design
check_design ./rpt/fir13_filter.chk_design.rpt
 
****************************************
Report:      ./rpt/fir13_filter.chk_design.rpt
Total Count: 0
Severity:    Warning
Message:     In design '', input pin '' of leaf cell '' is not connected to any net.  '' assumed.
Version:     S-2021.06-SP5-5
Date:        Mon Jun 16 19:12:28 2025
****************************************

No LINT-0 found.
1
change_names -rules verilog -hierarchy 
Warning: The specified replacement character (_) is conflicting with the specified allowed or restricted character.   (UCN-4)
1
# write ddc
write_file -f ddc -hier -output out/unmapped/um_fir13_filter.ddc
Writing ddc file 'out/unmapped/um_fir13_filter.ddc'.
1
# wrtie verilog netlist
write -f verilog -hier -output ./out/unmapped/um_fir13_filter.v
Writing verilog file '/home1/std251_4/ASIC_final/syn/out/unmapped/um_fir13_filter.v'.
Warning: Module fir13_filter contains unmapped components.  The output netlist might not be read back into the system. (VO-12)
1
1
source -e -v ./scr/4_run_syn_constraints
# constraint for timing and area
source -echo -verbose ../Constraint/Constraint.con
# fir13_filter.sdc
#################################
# Fast Clock (343MHz = 2.91ns)
#################################
create_clock -name clk -period 2.91 [get_ports clk]
1
set_clock_latency -source 0.5 [get_clocks clk]
1
# Network delay (ideal)
set_clock_latency -max 0.5 [get_clocks clk]
1
# Uncertainty = jitter + margin + skew
set_clock_uncertainty -setup 0.2 [get_clocks clk]
1
# Transition constraint (drive strength hint)
set_clock_transition 0.2 [get_clocks clk]
1
# Input delay 
set_input_delay -max 1.75 -clock clk [get_ports x_in]
1
set_input_delay -min 0.05 -clock clk [get_ports x_in]
1
# Output delay 
set_output_delay -max 1.16 -clock clk [get_ports y_out]
1
set ALL_INPUT_EXC_CLK [remove_from_collection [all_inputs] [get_ports clk]]
{n_rst x_in[7] x_in[6] x_in[5] x_in[4] x_in[3] x_in[2] x_in[1] x_in[0]}
# Load (capacitance)
set_driving_cell -library saed32rvt_ss0p95v125c -lib_cell INVX0_RVT [get_ports x_in]
Warning: Design rule attributes from the driving cell will be set on the port 'x_in[7]'. (UID-401)
Warning: Design rule attributes from the driving cell will be set on the port 'x_in[6]'. (UID-401)
Warning: Design rule attributes from the driving cell will be set on the port 'x_in[5]'. (UID-401)
Warning: Design rule attributes from the driving cell will be set on the port 'x_in[4]'. (UID-401)
Warning: Design rule attributes from the driving cell will be set on the port 'x_in[3]'. (UID-401)
Warning: Design rule attributes from the driving cell will be set on the port 'x_in[2]'. (UID-401)
Warning: Design rule attributes from the driving cell will be set on the port 'x_in[1]'. (UID-401)
Warning: Design rule attributes from the driving cell will be set on the port 'x_in[0]'. (UID-401)
1
# #AND2X1_RVT/A1 capacitance 0.472084
# #MAX_INPUT_LOAD = 0.472084 * 5 = 2.36042
# #OUTPUT_LOAD = 2.36042 * 3 = 7.08126
set_max_capacitance 2.36 [get_ports x_in]
1
set_load -max 7.08 [all_outputs]
1
1
1
source -e -v ./scr/5_run_syn_compile
#compile_ultra
#create_auto_path_groups -mode mapped
#compile_ultra -incremental
#compile_ultra -no_autoungroup
compile_ultra -no_autoungroup
Information: Performing power optimization. (PWR-850)
Alib files are up-to-date.
Information: Evaluating DesignWare library utilization. (UISN-27)

============================================================================
| DesignWare Building Block Library  |         Version         | Available |
============================================================================
| Basic DW Building Blocks           | S-2021.06-DWBB_202106.5 |     *     |
| Licensed DW Building Blocks        | S-2021.06-DWBB_202106.5 |     *     |
============================================================================

============================================================================
| Flow Information                                                         |
----------------------------------------------------------------------------
| Flow         | Design Compiler WLM                                       |
============================================================================
| Design Information                                      | Value          |
============================================================================
| Number of Scenarios                                     | 0              |
| Leaf Cell Count                                         | 192            |
| Number of User Hierarchies                              | 0              |
| Sequential Cell Count                                   | 161            |
| Macro Count                                             | 0              |
| Number of Power Domains                                 | 0              |
| Design with UPF Data                                    | false          |
============================================================================
Information: Sequential output inversion is enabled.  SVF file must be used for formal verification. (OPT-1208)

Information: There are 10 potential problems in your design. Please run 'check_design' for more information. (LINT-99)

  Simplifying Design 'fir13_filter'

Loaded alib file './alib-52/saed32rvt_ss0p95v125c.db.alib'
Information: State dependent leakage is now switched from on to off.

  Beginning Pass 1 Mapping
  ------------------------
  Processing 'fir13_filter'
Information: In design 'fir13_filter', the register 's2_0_reg_17_' is removed because it is merged to 's2_0_reg_16_'. (OPT-1215)
Information: In design 'fir13_filter', the register 's2_0_reg_18_' is removed because it is merged to 's2_0_reg_16_'. (OPT-1215)
 Implement Synthetic for 'fir13_filter'.

  Updating timing information
Information: Updating design information... (UID-85)
Information: The library cell 'PMT3_RVT' in the library 'saed32rvt_ss0p95v125c' is not characterized for internal power. (PWR-536)
Information: The library cell 'PMT2_RVT' in the library 'saed32rvt_ss0p95v125c' is not characterized for internal power. (PWR-536)
Information: The library cell 'PMT1_RVT' in the library 'saed32rvt_ss0p95v125c' is not characterized for internal power. (PWR-536)
Information: The library cell 'NMT3_RVT' in the library 'saed32rvt_ss0p95v125c' is not characterized for internal power. (PWR-536)
Information: The library cell 'NMT2_RVT' in the library 'saed32rvt_ss0p95v125c' is not characterized for internal power. (PWR-536)
Information: The library cell 'NMT1_RVT' in the library 'saed32rvt_ss0p95v125c' is not characterized for internal power. (PWR-536)
Information: The target library(s) contains cell(s), other than black boxes, that are not characterized for internal power. (PWR-24)
Information: In design 'fir13_filter', the register 'x7_reg_0_' is removed because it is merged to 's2_1_reg_0_'. (OPT-1215)
Information: In design 'fir13_filter', the register 's2_1_reg_17_' is removed because it is merged to 's2_1_reg_18_'. (OPT-1215)
Information: In design 'fir13_filter', the register 's2_0_reg_16_' is removed because it is merged to 's2_0_reg_15_'. (OPT-1215)

Threshold voltage group cell usage:
>> saed32cell_svt 100.00%

  Beginning Mapping Optimizations  (Ultra High effort)
  -------------------------------
Information: Added key list 'DesignWare' to design 'fir13_filter'. (DDB-72)
Information: In design 'fir13_filter', the register 'acc_reg_18_' is removed because it is merged to 'acc_reg_19_'. (OPT-1215)

                                  TOTAL                                                
   ELAPSED            WORST NEG   SETUP    DESIGN                              LEAKAGE 
    TIME      AREA      SLACK     COST    RULE COST         ENDPOINT            POWER  
  --------- --------- --------- --------- --------- ------------------------- ---------
    0:00:01    2429.1      0.00       0.0       0.0                           204635408.0000
    0:00:01    2429.1      0.00       0.0       0.0                           204635408.0000

Threshold voltage group cell usage:
>> saed32cell_svt 100.00%

  Beginning Constant Register Removal
  -----------------------------------

Threshold voltage group cell usage:
>> saed32cell_svt 100.00%

  Beginning Global Optimizations
  ------------------------------
  Numerical Synthesis (Phase 1)
  Numerical Synthesis (Phase 2)
  Global Optimization (Phase 1)
  Global Optimization (Phase 2)
  Global Optimization (Phase 3)
  Global Optimization (Phase 4)
  Global Optimization (Phase 5)
  Global Optimization (Phase 6)
  Global Optimization (Phase 7)
  Global Optimization (Phase 8)
  Global Optimization (Phase 9)
  Global Optimization (Phase 10)
  Global Optimization (Phase 11)
  Global Optimization (Phase 12)
  Global Optimization (Phase 13)
  Global Optimization (Phase 14)
  Global Optimization (Phase 15)
  Global Optimization (Phase 16)
  Global Optimization (Phase 17)
  Global Optimization (Phase 18)
  Global Optimization (Phase 19)
  Global Optimization (Phase 20)
  Global Optimization (Phase 21)
  Global Optimization (Phase 22)
  Global Optimization (Phase 23)
  Global Optimization (Phase 24)
  Global Optimization (Phase 25)
  Global Optimization (Phase 26)
  Global Optimization (Phase 27)
  Global Optimization (Phase 28)
  Global Optimization (Phase 29)
  Global Optimization (Phase 30)

Threshold voltage group cell usage:
>> saed32cell_svt 100.00%

  Beginning Isolate Ports
  -----------------------

Threshold voltage group cell usage:
>> saed32cell_svt 100.00%

  Beginning Delay Optimization
  ----------------------------
    0:00:01    2331.3      0.00       0.0       0.0                           190053472.0000
    0:00:01    2331.3      0.00       0.0       0.0                           190053472.0000
    0:00:01    2331.3      0.00       0.0       0.0                           190053472.0000
    0:00:01    2331.3      0.00       0.0       0.0                           190053472.0000

Threshold voltage group cell usage:
>> saed32cell_svt 100.00%
    0:00:01    2331.0      0.00       0.0       0.0                           190052992.0000
    0:00:01    2331.0      0.00       0.0       0.0                           190052992.0000

  Beginning WLM Backend Optimization
  --------------------------------------
    0:00:01    2152.6      0.00       0.0       0.0                           135592400.0000
    0:00:01    2152.6      0.00       0.0       0.0                           135592400.0000
    0:00:01    2152.6      0.00       0.0       0.0                           135592400.0000
    0:00:01    2152.6      0.00       0.0       0.0                           135106272.0000
    0:00:01    2152.6      0.00       0.0       0.0                           135106272.0000
    0:00:01    2152.6      0.00       0.0       0.0                           135106272.0000
    0:00:01    2152.6      0.00       0.0       0.0                           135106272.0000
    0:00:01    2152.6      0.00       0.0       0.0                           135106272.0000
    0:00:01    2152.6      0.00       0.0       0.0                           135106272.0000
    0:00:01    2152.6      0.00       0.0       0.0                           135106272.0000
    0:00:01    2152.6      0.00       0.0       0.0                           135106272.0000
    0:00:01    2152.6      0.00       0.0       0.0                           135106272.0000
    0:00:01    2152.6      0.00       0.0       0.0                           135106272.0000
    0:00:01    2152.6      0.00       0.0       0.0                           135106272.0000
    0:00:01    2152.6      0.00       0.0       0.0                           135106272.0000
    0:00:01    2152.6      0.00       0.0       0.0                           135106272.0000
    0:00:01    2152.6      0.00       0.0       0.0                           135106272.0000
    0:00:01    2152.6      0.00       0.0       0.0                           135106272.0000
    0:00:01    2152.6      0.00       0.0       0.0                           135106272.0000
    0:00:01    2152.6      0.00       0.0       0.0                           135106272.0000
    0:00:01    2152.6      0.00       0.0       0.0                           135106272.0000
    0:00:01    2152.6      0.00       0.0       0.0                           135106272.0000
    0:00:01    2152.6      0.00       0.0       0.0                           135106272.0000
    0:00:01    2152.6      0.00       0.0       0.0                           135106272.0000

Threshold voltage group cell usage:
>> saed32cell_svt 100.00%


  Beginning Leakage Power Optimization  (max_leakage_power 0)
  ------------------------------------

                                  TOTAL                                                
   ELAPSED            WORST NEG   SETUP    DESIGN                              LEAKAGE 
    TIME      AREA      SLACK     COST    RULE COST         ENDPOINT            POWER  
  --------- --------- --------- --------- --------- ------------------------- ---------
    0:00:01    2152.6      0.00       0.0       0.0                           135106272.0000
  Global Optimization (Phase 31)
  Global Optimization (Phase 32)
  Global Optimization (Phase 33)
  Global Optimization (Phase 34)
  Global Optimization (Phase 35)
  Global Optimization (Phase 36)
  Global Optimization (Phase 37)
  Global Optimization (Phase 38)
  Global Optimization (Phase 39)
  Global Optimization (Phase 40)
  Global Optimization (Phase 41)
  Global Optimization (Phase 42)
  Global Optimization (Phase 43)
  Global Optimization (Phase 44)
    0:00:01    2331.0      0.00       0.0       0.0                           187821184.0000
    0:00:01    2331.0      0.00       0.0       0.0                           187821184.0000
    0:00:01    2331.0      0.00       0.0       0.0                           187821184.0000
    0:00:01    2175.5      0.00       0.0       0.0                           135176848.0000
    0:00:01    2175.5      0.00       0.0       0.0                           135176848.0000
    0:00:01    2175.5      0.00       0.0       0.0                           135176848.0000
    0:00:01    2175.5      0.00       0.0       0.0                           135176848.0000
    0:00:01    2175.5      0.00       0.0       0.0                           135176848.0000
    0:00:01    2175.5      0.00       0.0       0.0                           135176848.0000
    0:00:01    2175.5      0.00       0.0       0.0                           135176848.0000
    0:00:01    2175.5      0.00       0.0       0.0                           135176848.0000
    0:00:01    2175.5      0.00       0.0       0.0                           135176848.0000
    0:00:01    2175.5      0.00       0.0       0.0                           135176848.0000
    0:00:01    2175.5      0.00       0.0       0.0                           135176848.0000
    0:00:01    2175.5      0.00       0.0       0.0                           135176848.0000
    0:00:01    2175.5      0.00       0.0       0.0                           135176848.0000
    0:00:01    2175.5      0.00       0.0       0.0                           135176848.0000
    0:00:01    2175.5      0.00       0.0       0.0                           135176848.0000
    0:00:01    2175.5      0.00       0.0       0.0                           135176848.0000
    0:00:01    2175.5      0.00       0.0       0.0                           135176848.0000
    0:00:01    2175.5      0.00       0.0       0.0                           135176848.0000
    0:00:01    2175.5      0.00       0.0       0.0                           135176848.0000

                                  TOTAL                                                
   ELAPSED            WORST NEG   SETUP    DESIGN                              LEAKAGE 
    TIME      AREA      SLACK     COST    RULE COST         ENDPOINT            POWER  
  --------- --------- --------- --------- --------- ------------------------- ---------
    0:00:01    2175.5      0.00       0.0       0.0                           135176848.0000
    0:00:01    2175.5      0.00       0.0       0.0                           135176848.0000
    0:00:01    2175.5      0.00       0.0       0.0                           135176848.0000
    0:00:01    2175.5      0.00       0.0       0.0                           135176848.0000
    0:00:01    2175.5      0.00       0.0       0.0                           135176848.0000
    0:00:01    2163.3      0.00       0.0       0.0                           133965864.0000
    0:00:01    2163.3      0.00       0.0       0.0                           133965864.0000
    0:00:01    2163.3      0.00       0.0       0.0                           133965864.0000
    0:00:01    2163.3      0.00       0.0       0.0                           133965864.0000
    0:00:01    2163.3      0.00       0.0       0.0                           133965864.0000
    0:00:01    2163.3      0.00       0.0       0.0                           133965864.0000
Loading db file '/tools/dk/SAED32_EDK/lib/stdcell_rvt/db_nldm/saed32rvt_ss0p95v125c.db'
Loading db file '/tools/dk/SAED32_EDK/lib/io_std/db_nldm/saed32io_fc_ss0p95v125c_2p25v.db'
Loading db file '/tools/dk/SAED32_EDK/lib/pll/db_nldm/saed32pll_ss0p95v125c_2p25v.db'
Loading db file '/tools/dk/SAED32_EDK/lib/sram/db_nldm/saed32sram_ss0p95v125c.db'


Note: Symbol # after min delay cost means estimated hold TNS across all active scenarios 


  Optimization Complete
  ---------------------
Information: State dependent leakage is now switched from off to on.
Information: Propagating switching activity (low effort zero delay simulation). (PWR-6)
1
#compile_ultra -retime -timing
#current_design complex_cal
#set_optimize_registers true -design fir13_filter
#current_design complex_cal
#compile_ultra -retime -timing
#compile_ultra
#group_path -name INPUTS -from [all_inputs]
#group_path -name OUTPUTS -to [all_outputs]
#group_path -name COMBO -from [all_inputs] -to [all_outputs]
#group_path -name CLK -critical 0.2 -weight 5
#compile_ultra -incremental
source -e -v ./scr/6_run_syn_report
## reports for deisgn and timing, etc.
report_clocks -attributes -skew             		> ./rpt/clocks.rpt
report_area -hierarchy					> ./rpt/area.rpt
report_timing -max 32 -nets -nosplit		 	> ./rpt/timing.rpt
report_analysis_coverage > ./rpt/analysis_coverage.rptError: unknown command 'report_analysis_coverage' (CMD-005)
source -e -v ./scr/7_run_syn_write_output## write ddc and gate verilog netlist, etc.
#change_names -rules verilog -hierarchy 
change_names -rules verilog -hierarchy 
1
# write ddc
write -format ddc -hier -o out/mapped/m_fir13_filter.ddc
Writing ddc file 'out/mapped/m_fir13_filter.ddc'.
1
# wrtie verilog netlist
write -f verilog -h -o out/mapped/m_fir13_filter.v
Writing verilog file '/home1/std251_4/ASIC_final/syn/out/mapped/m_fir13_filter.v'.
1
write_sdf out/mapped/fir13_filter.pre.sdf
Information: Annotated 'cell' delays are assumed to include load delay. (UID-282)
Information: Writing timing information to file '/home1/std251_4/ASIC_final/syn/out/mapped/fir13_filter.pre.sdf'. (WT-3)
1
1
1
dc_shell> 