Information: Updating design information... (UID-85)
 
****************************************
Report : clocks
Design : complex_cal
Version: S-2021.06-SP5-5
Date   : Mon May 26 14:48:58 2025
****************************************

Attributes:
    d - dont_touch_network
    f - fix_hold
    p - propagated_clock
    G - generated_clock
    g - lib_generated_clock

Clock          Period   Waveform            Attrs     Sources
--------------------------------------------------------------------------------
clk              1.00   {0 0.5}                       {clk}
--------------------------------------------------------------------------------
 
****************************************
Report : clock_skew
Design : complex_cal
Version: S-2021.06-SP5-5
Date   : Mon May 26 14:48:58 2025
****************************************

                 Rise      Fall  Min Rise  Min fall        Uncertainty
Object          Delay     Delay     Delay     Delay     Plus      Minus
--------------------------------------------------------------------------------
clk              0.30      0.30         -         -         -      0.10

                 Max Source Latency                  Min Source Latency
            Early    Early    Late    Late      Early    Early    Late    Late
Object      Rise     Fall     Rise    Fall      Rise     Fall     Rise    Fall
--------------------------------------------------------------------------------
clk         0.70     0.70     0.70    0.70         -        -        -       -

                 Max Transition      Min Transition
Object           Rise      Fall      Rise      Fall
-------------------------------------------------------
clk              0.12      0.12      0.12      0.12
1
