 
****************************************
Report : constraint
        -all_violators
Design : ORCA
Version: S-2021.06-SP5-5
Date   : Mon Dec 11 12:48:41 2023
****************************************


   min_delay/hold ('OUTS' group)

                             Required        Actual
   Endpoint                 Path Delay     Path Delay        Slack
   -----------------------------------------------------------------
   pdevsel_n                    1.00           0.84 f        -0.16  (VIOLATED)
   pframe_n                     1.00           0.84 f        -0.16  (VIOLATED)
   pirdy_n                      1.00           0.84 f        -0.16  (VIOLATED)
   ppar                         1.00           0.84 f        -0.16  (VIOLATED)
   pperr_n                      1.00           0.84 f        -0.16  (VIOLATED)
   pserr_n                      1.00           0.84 f        -0.16  (VIOLATED)
   pstop_n                      1.00           0.84 f        -0.16  (VIOLATED)
   ptrdy_n                      1.00           0.84 f        -0.16  (VIOLATED)
   pc_be[0]                     1.00           0.86 f        -0.14  (VIOLATED)
   pc_be[1]                     1.00           0.86 f        -0.14  (VIOLATED)
   pc_be[2]                     1.00           0.86 f        -0.14  (VIOLATED)
   pc_be[3]                     1.00           0.86 f        -0.14  (VIOLATED)


   min_delay/hold ('SYS_CLK' group)

                             Required        Actual
   Endpoint                 Path Delay     Path Delay        Slack
   -----------------------------------------------------------------
   I_ORCA_TOP/I_CONTEXT_MEM/CONTEXT_RAM0/I1[0]     0.13     0.06 f    -0.07 (VIOLATED)
   I_ORCA_TOP/I_CONTEXT_MEM/CONTEXT_RAM0/I1[1]     0.13     0.06 f    -0.07 (VIOLATED)
   I_ORCA_TOP/I_CONTEXT_MEM/CONTEXT_RAM0/I1[2]     0.13     0.06 f    -0.07 (VIOLATED)
   I_ORCA_TOP/I_CONTEXT_MEM/CONTEXT_RAM0/I1[3]     0.13     0.06 f    -0.07 (VIOLATED)
   I_ORCA_TOP/I_CONTEXT_MEM/CONTEXT_RAM0/I1[4]     0.13     0.06 f    -0.07 (VIOLATED)
   I_ORCA_TOP/I_CONTEXT_MEM/CONTEXT_RAM0/I1[5]     0.13     0.06 f    -0.07 (VIOLATED)
   I_ORCA_TOP/I_CONTEXT_MEM/CONTEXT_RAM0/I1[6]     0.13     0.06 f    -0.07 (VIOLATED)
   I_ORCA_TOP/I_CONTEXT_MEM/CONTEXT_RAM0/I1[7]     0.13     0.06 f    -0.07 (VIOLATED)
   I_ORCA_TOP/I_CONTEXT_MEM/CONTEXT_RAM0/I1[8]     0.13     0.06 f    -0.07 (VIOLATED)
   I_ORCA_TOP/I_CONTEXT_MEM/CONTEXT_RAM0/I1[9]     0.13     0.06 f    -0.07 (VIOLATED)
   I_ORCA_TOP/I_CONTEXT_MEM/CONTEXT_RAM0/I1[10]     0.13     0.06 f    -0.07 (VIOLATED)
   I_ORCA_TOP/I_CONTEXT_MEM/CONTEXT_RAM0/I1[11]     0.13     0.06 f    -0.07 (VIOLATED)
   I_ORCA_TOP/I_CONTEXT_MEM/CONTEXT_RAM0/I1[12]     0.13     0.06 f    -0.07 (VIOLATED)
   I_ORCA_TOP/I_CONTEXT_MEM/CONTEXT_RAM0/I1[13]     0.13     0.06 f    -0.07 (VIOLATED)
   I_ORCA_TOP/I_CONTEXT_MEM/CONTEXT_RAM0/I1[14]     0.13     0.06 f    -0.07 (VIOLATED)
   I_ORCA_TOP/I_CONTEXT_MEM/CONTEXT_RAM0/I1[15]     0.13     0.06 f    -0.07 (VIOLATED)
   I_ORCA_TOP/I_CONTEXT_MEM/CONTEXT_RAM0/I1[16]     0.13     0.06 f    -0.07 (VIOLATED)
   I_ORCA_TOP/I_CONTEXT_MEM/CONTEXT_RAM0/I1[17]     0.13     0.06 f    -0.07 (VIOLATED)
   I_ORCA_TOP/I_CONTEXT_MEM/CONTEXT_RAM0/I1[18]     0.13     0.06 f    -0.07 (VIOLATED)
   I_ORCA_TOP/I_CONTEXT_MEM/CONTEXT_RAM0/I1[19]     0.13     0.06 f    -0.07 (VIOLATED)
   I_ORCA_TOP/I_CONTEXT_MEM/CONTEXT_RAM0/I1[20]     0.13     0.06 f    -0.07 (VIOLATED)
   I_ORCA_TOP/I_CONTEXT_MEM/CONTEXT_RAM0/I1[21]     0.13     0.06 f    -0.07 (VIOLATED)
   I_ORCA_TOP/I_CONTEXT_MEM/CONTEXT_RAM0/I1[22]     0.13     0.06 f    -0.07 (VIOLATED)
   I_ORCA_TOP/I_CONTEXT_MEM/CONTEXT_RAM0/I1[23]     0.13     0.06 f    -0.07 (VIOLATED)
   I_ORCA_TOP/I_CONTEXT_MEM/CONTEXT_RAM0/I1[24]     0.13     0.06 f    -0.07 (VIOLATED)
   I_ORCA_TOP/I_CONTEXT_MEM/CONTEXT_RAM0/I1[25]     0.13     0.06 f    -0.07 (VIOLATED)
   I_ORCA_TOP/I_CONTEXT_MEM/CONTEXT_RAM0/I1[26]     0.13     0.06 f    -0.07 (VIOLATED)
   I_ORCA_TOP/I_CONTEXT_MEM/CONTEXT_RAM0/I1[27]     0.13     0.06 f    -0.07 (VIOLATED)
   I_ORCA_TOP/I_CONTEXT_MEM/CONTEXT_RAM0/I1[28]     0.13     0.06 f    -0.07 (VIOLATED)
   I_ORCA_TOP/I_CONTEXT_MEM/CONTEXT_RAM0/I1[29]     0.13     0.06 f    -0.07 (VIOLATED)
   I_ORCA_TOP/I_CONTEXT_MEM/CONTEXT_RAM0/I1[30]     0.13     0.06 f    -0.07 (VIOLATED)
   I_ORCA_TOP/I_CONTEXT_MEM/CONTEXT_RAM0/I1[31]     0.13     0.06 f    -0.07 (VIOLATED)
   I_ORCA_TOP/I_CONTEXT_MEM/CONTEXT_RAM1/I1[0]     0.13     0.06 f    -0.07 (VIOLATED)
   I_ORCA_TOP/I_CONTEXT_MEM/CONTEXT_RAM1/I1[1]     0.13     0.06 f    -0.07 (VIOLATED)
   I_ORCA_TOP/I_CONTEXT_MEM/CONTEXT_RAM1/I1[2]     0.13     0.06 f    -0.07 (VIOLATED)
   I_ORCA_TOP/I_CONTEXT_MEM/CONTEXT_RAM1/I1[3]     0.13     0.06 f    -0.07 (VIOLATED)
   I_ORCA_TOP/I_CONTEXT_MEM/CONTEXT_RAM1/I1[4]     0.13     0.06 f    -0.07 (VIOLATED)
   I_ORCA_TOP/I_CONTEXT_MEM/CONTEXT_RAM1/I1[5]     0.13     0.06 f    -0.07 (VIOLATED)
   I_ORCA_TOP/I_CONTEXT_MEM/CONTEXT_RAM1/I1[6]     0.13     0.06 f    -0.07 (VIOLATED)
   I_ORCA_TOP/I_CONTEXT_MEM/CONTEXT_RAM1/I1[7]     0.13     0.06 f    -0.07 (VIOLATED)
   I_ORCA_TOP/I_CONTEXT_MEM/CONTEXT_RAM1/I1[8]     0.13     0.06 f    -0.07 (VIOLATED)
   I_ORCA_TOP/I_CONTEXT_MEM/CONTEXT_RAM1/I1[9]     0.13     0.06 f    -0.07 (VIOLATED)
   I_ORCA_TOP/I_CONTEXT_MEM/CONTEXT_RAM1/I1[10]     0.13     0.06 f    -0.07 (VIOLATED)
   I_ORCA_TOP/I_CONTEXT_MEM/CONTEXT_RAM1/I1[11]     0.13     0.06 f    -0.07 (VIOLATED)
   I_ORCA_TOP/I_CONTEXT_MEM/CONTEXT_RAM1/I1[12]     0.13     0.06 f    -0.07 (VIOLATED)
   I_ORCA_TOP/I_CONTEXT_MEM/CONTEXT_RAM1/I1[13]     0.13     0.06 f    -0.07 (VIOLATED)
   I_ORCA_TOP/I_CONTEXT_MEM/CONTEXT_RAM1/I1[14]     0.13     0.06 f    -0.07 (VIOLATED)
   I_ORCA_TOP/I_CONTEXT_MEM/CONTEXT_RAM1/I1[15]     0.13     0.06 f    -0.07 (VIOLATED)
   I_ORCA_TOP/I_CONTEXT_MEM/CONTEXT_RAM1/I1[16]     0.13     0.06 f    -0.07 (VIOLATED)
   I_ORCA_TOP/I_CONTEXT_MEM/CONTEXT_RAM1/I1[17]     0.13     0.06 f    -0.07 (VIOLATED)
   I_ORCA_TOP/I_CONTEXT_MEM/CONTEXT_RAM1/I1[18]     0.13     0.06 f    -0.07 (VIOLATED)
   I_ORCA_TOP/I_CONTEXT_MEM/CONTEXT_RAM1/I1[19]     0.13     0.06 f    -0.07 (VIOLATED)
   I_ORCA_TOP/I_CONTEXT_MEM/CONTEXT_RAM1/I1[20]     0.13     0.06 f    -0.07 (VIOLATED)
   I_ORCA_TOP/I_CONTEXT_MEM/CONTEXT_RAM1/I1[21]     0.13     0.06 f    -0.07 (VIOLATED)
   I_ORCA_TOP/I_CONTEXT_MEM/CONTEXT_RAM1/I1[22]     0.13     0.06 f    -0.07 (VIOLATED)
   I_ORCA_TOP/I_CONTEXT_MEM/CONTEXT_RAM1/I1[23]     0.13     0.06 f    -0.07 (VIOLATED)
   I_ORCA_TOP/I_CONTEXT_MEM/CONTEXT_RAM1/I1[24]     0.13     0.06 f    -0.07 (VIOLATED)
   I_ORCA_TOP/I_CONTEXT_MEM/CONTEXT_RAM1/I1[25]     0.13     0.06 f    -0.07 (VIOLATED)
   I_ORCA_TOP/I_CONTEXT_MEM/CONTEXT_RAM1/I1[26]     0.13     0.06 f    -0.07 (VIOLATED)
   I_ORCA_TOP/I_CONTEXT_MEM/CONTEXT_RAM1/I1[27]     0.13     0.06 f    -0.07 (VIOLATED)
   I_ORCA_TOP/I_CONTEXT_MEM/CONTEXT_RAM1/I1[28]     0.13     0.06 f    -0.07 (VIOLATED)
   I_ORCA_TOP/I_CONTEXT_MEM/CONTEXT_RAM1/I1[29]     0.13     0.06 f    -0.07 (VIOLATED)
   I_ORCA_TOP/I_CONTEXT_MEM/CONTEXT_RAM1/I1[30]     0.13     0.06 f    -0.07 (VIOLATED)
   I_ORCA_TOP/I_CONTEXT_MEM/CONTEXT_RAM1/I1[31]     0.13     0.06 f    -0.07 (VIOLATED)
   I_ORCA_TOP/I_CONTEXT_MEM/CONTEXT_RAM2/I1[0]     0.13     0.06 f    -0.07 (VIOLATED)
   I_ORCA_TOP/I_CONTEXT_MEM/CONTEXT_RAM2/I1[1]     0.13     0.06 f    -0.07 (VIOLATED)
   I_ORCA_TOP/I_CONTEXT_MEM/CONTEXT_RAM2/I1[2]     0.13     0.06 f    -0.07 (VIOLATED)
   I_ORCA_TOP/I_CONTEXT_MEM/CONTEXT_RAM2/I1[3]     0.13     0.06 f    -0.07 (VIOLATED)
   I_ORCA_TOP/I_CONTEXT_MEM/CONTEXT_RAM2/I1[4]     0.13     0.06 f    -0.07 (VIOLATED)
   I_ORCA_TOP/I_CONTEXT_MEM/CONTEXT_RAM2/I1[5]     0.13     0.06 f    -0.07 (VIOLATED)
   I_ORCA_TOP/I_CONTEXT_MEM/CONTEXT_RAM2/I1[6]     0.13     0.06 f    -0.07 (VIOLATED)
   I_ORCA_TOP/I_CONTEXT_MEM/CONTEXT_RAM2/I1[7]     0.13     0.06 f    -0.07 (VIOLATED)
   I_ORCA_TOP/I_CONTEXT_MEM/CONTEXT_RAM2/I1[8]     0.13     0.06 f    -0.07 (VIOLATED)
   I_ORCA_TOP/I_CONTEXT_MEM/CONTEXT_RAM2/I1[9]     0.13     0.06 f    -0.07 (VIOLATED)
   I_ORCA_TOP/I_CONTEXT_MEM/CONTEXT_RAM2/I1[10]     0.13     0.06 f    -0.07 (VIOLATED)
   I_ORCA_TOP/I_CONTEXT_MEM/CONTEXT_RAM2/I1[11]     0.13     0.06 f    -0.07 (VIOLATED)
   I_ORCA_TOP/I_CONTEXT_MEM/CONTEXT_RAM2/I1[12]     0.13     0.06 f    -0.07 (VIOLATED)
   I_ORCA_TOP/I_CONTEXT_MEM/CONTEXT_RAM2/I1[13]     0.13     0.06 f    -0.07 (VIOLATED)
   I_ORCA_TOP/I_CONTEXT_MEM/CONTEXT_RAM2/I1[14]     0.13     0.06 f    -0.07 (VIOLATED)
   I_ORCA_TOP/I_CONTEXT_MEM/CONTEXT_RAM2/I1[15]     0.13     0.06 f    -0.07 (VIOLATED)
   I_ORCA_TOP/I_CONTEXT_MEM/CONTEXT_RAM2/I1[16]     0.13     0.06 f    -0.07 (VIOLATED)
   I_ORCA_TOP/I_CONTEXT_MEM/CONTEXT_RAM2/I1[17]     0.13     0.06 f    -0.07 (VIOLATED)
   I_ORCA_TOP/I_CONTEXT_MEM/CONTEXT_RAM2/I1[18]     0.13     0.06 f    -0.07 (VIOLATED)
   I_ORCA_TOP/I_CONTEXT_MEM/CONTEXT_RAM2/I1[19]     0.13     0.06 f    -0.07 (VIOLATED)
   I_ORCA_TOP/I_CONTEXT_MEM/CONTEXT_RAM2/I1[20]     0.13     0.06 f    -0.07 (VIOLATED)
   I_ORCA_TOP/I_CONTEXT_MEM/CONTEXT_RAM2/I1[21]     0.13     0.06 f    -0.07 (VIOLATED)
   I_ORCA_TOP/I_CONTEXT_MEM/CONTEXT_RAM2/I1[22]     0.13     0.06 f    -0.07 (VIOLATED)
   I_ORCA_TOP/I_CONTEXT_MEM/CONTEXT_RAM2/I1[23]     0.13     0.06 f    -0.07 (VIOLATED)
   I_ORCA_TOP/I_CONTEXT_MEM/CONTEXT_RAM2/I1[24]     0.13     0.06 f    -0.07 (VIOLATED)
   I_ORCA_TOP/I_CONTEXT_MEM/CONTEXT_RAM2/I1[25]     0.13     0.06 f    -0.07 (VIOLATED)
   I_ORCA_TOP/I_CONTEXT_MEM/CONTEXT_RAM2/I1[26]     0.13     0.06 f    -0.07 (VIOLATED)
   I_ORCA_TOP/I_CONTEXT_MEM/CONTEXT_RAM2/I1[27]     0.13     0.06 f    -0.07 (VIOLATED)
   I_ORCA_TOP/I_CONTEXT_MEM/CONTEXT_RAM2/I1[28]     0.13     0.06 f    -0.07 (VIOLATED)
   I_ORCA_TOP/I_CONTEXT_MEM/CONTEXT_RAM2/I1[29]     0.13     0.06 f    -0.07 (VIOLATED)
   I_ORCA_TOP/I_CONTEXT_MEM/CONTEXT_RAM2/I1[30]     0.13     0.06 f    -0.07 (VIOLATED)
   I_ORCA_TOP/I_CONTEXT_MEM/CONTEXT_RAM2/I1[31]     0.13     0.06 f    -0.07 (VIOLATED)
   I_ORCA_TOP/I_CONTEXT_MEM/CONTEXT_RAM3/I1[0]     0.13     0.06 f    -0.07 (VIOLATED)
   I_ORCA_TOP/I_CONTEXT_MEM/CONTEXT_RAM3/I1[1]     0.13     0.06 f    -0.07 (VIOLATED)
   I_ORCA_TOP/I_CONTEXT_MEM/CONTEXT_RAM3/I1[2]     0.13     0.06 f    -0.07 (VIOLATED)
   I_ORCA_TOP/I_CONTEXT_MEM/CONTEXT_RAM3/I1[3]     0.13     0.06 f    -0.07 (VIOLATED)
   I_ORCA_TOP/I_CONTEXT_MEM/CONTEXT_RAM3/I1[4]     0.13     0.06 f    -0.07 (VIOLATED)
   I_ORCA_TOP/I_CONTEXT_MEM/CONTEXT_RAM3/I1[5]     0.13     0.06 f    -0.07 (VIOLATED)
   I_ORCA_TOP/I_CONTEXT_MEM/CONTEXT_RAM3/I1[6]     0.13     0.06 f    -0.07 (VIOLATED)
   I_ORCA_TOP/I_CONTEXT_MEM/CONTEXT_RAM3/I1[7]     0.13     0.06 f    -0.07 (VIOLATED)
   I_ORCA_TOP/I_CONTEXT_MEM/CONTEXT_RAM3/I1[8]     0.13     0.06 f    -0.07 (VIOLATED)
   I_ORCA_TOP/I_CONTEXT_MEM/CONTEXT_RAM3/I1[9]     0.13     0.06 f    -0.07 (VIOLATED)
   I_ORCA_TOP/I_CONTEXT_MEM/CONTEXT_RAM3/I1[10]     0.13     0.06 f    -0.07 (VIOLATED)
   I_ORCA_TOP/I_CONTEXT_MEM/CONTEXT_RAM3/I1[11]     0.13     0.06 f    -0.07 (VIOLATED)
   I_ORCA_TOP/I_CONTEXT_MEM/CONTEXT_RAM3/I1[12]     0.13     0.06 f    -0.07 (VIOLATED)
   I_ORCA_TOP/I_CONTEXT_MEM/CONTEXT_RAM3/I1[13]     0.13     0.06 f    -0.07 (VIOLATED)
   I_ORCA_TOP/I_CONTEXT_MEM/CONTEXT_RAM3/I1[14]     0.13     0.06 f    -0.07 (VIOLATED)
   I_ORCA_TOP/I_CONTEXT_MEM/CONTEXT_RAM3/I1[15]     0.13     0.06 f    -0.07 (VIOLATED)
   I_ORCA_TOP/I_CONTEXT_MEM/CONTEXT_RAM3/I1[16]     0.13     0.06 f    -0.07 (VIOLATED)
   I_ORCA_TOP/I_CONTEXT_MEM/CONTEXT_RAM3/I1[17]     0.13     0.06 f    -0.07 (VIOLATED)
   I_ORCA_TOP/I_CONTEXT_MEM/CONTEXT_RAM3/I1[18]     0.13     0.06 f    -0.07 (VIOLATED)
   I_ORCA_TOP/I_CONTEXT_MEM/CONTEXT_RAM3/I1[19]     0.13     0.06 f    -0.07 (VIOLATED)
   I_ORCA_TOP/I_CONTEXT_MEM/CONTEXT_RAM3/I1[20]     0.13     0.06 f    -0.07 (VIOLATED)
   I_ORCA_TOP/I_CONTEXT_MEM/CONTEXT_RAM3/I1[21]     0.13     0.06 f    -0.07 (VIOLATED)
   I_ORCA_TOP/I_CONTEXT_MEM/CONTEXT_RAM3/I1[22]     0.13     0.06 f    -0.07 (VIOLATED)
   I_ORCA_TOP/I_CONTEXT_MEM/CONTEXT_RAM3/I1[23]     0.13     0.06 f    -0.07 (VIOLATED)
   I_ORCA_TOP/I_CONTEXT_MEM/CONTEXT_RAM3/I1[24]     0.13     0.06 f    -0.07 (VIOLATED)
   I_ORCA_TOP/I_CONTEXT_MEM/CONTEXT_RAM3/I1[25]     0.13     0.06 f    -0.07 (VIOLATED)
   I_ORCA_TOP/I_CONTEXT_MEM/CONTEXT_RAM3/I1[26]     0.13     0.06 f    -0.07 (VIOLATED)
   I_ORCA_TOP/I_CONTEXT_MEM/CONTEXT_RAM3/I1[27]     0.13     0.06 f    -0.07 (VIOLATED)
   I_ORCA_TOP/I_CONTEXT_MEM/CONTEXT_RAM3/I1[28]     0.13     0.06 f    -0.07 (VIOLATED)
   I_ORCA_TOP/I_CONTEXT_MEM/CONTEXT_RAM3/I1[29]     0.13     0.06 f    -0.07 (VIOLATED)
   I_ORCA_TOP/I_CONTEXT_MEM/CONTEXT_RAM3/I1[30]     0.13     0.06 f    -0.07 (VIOLATED)
   I_ORCA_TOP/I_CONTEXT_MEM/CONTEXT_RAM3/I1[31]     0.13     0.06 f    -0.07 (VIOLATED)
   I_ORCA_TOP/I_BLENDER/U350/A1     0.10       0.08 f        -0.02  (VIOLATED)


   min_delay/hold ('sys_clk' group)

                             Required        Actual
   Endpoint                 Path Delay     Path Delay        Slack
   -----------------------------------------------------------------
   I_ORCA_TOP/I_CONTEXT_MEM/CONTEXT_RAM0/I1[0]     0.13     0.06 f    -0.07 (VIOLATED)
   I_ORCA_TOP/I_CONTEXT_MEM/CONTEXT_RAM0/I1[1]     0.13     0.06 f    -0.07 (VIOLATED)
   I_ORCA_TOP/I_CONTEXT_MEM/CONTEXT_RAM0/I1[2]     0.13     0.06 f    -0.07 (VIOLATED)
   I_ORCA_TOP/I_CONTEXT_MEM/CONTEXT_RAM0/I1[3]     0.13     0.06 f    -0.07 (VIOLATED)
   I_ORCA_TOP/I_CONTEXT_MEM/CONTEXT_RAM0/I1[4]     0.13     0.06 f    -0.07 (VIOLATED)
   I_ORCA_TOP/I_CONTEXT_MEM/CONTEXT_RAM0/I1[5]     0.13     0.06 f    -0.07 (VIOLATED)
   I_ORCA_TOP/I_CONTEXT_MEM/CONTEXT_RAM0/I1[6]     0.13     0.06 f    -0.07 (VIOLATED)
   I_ORCA_TOP/I_CONTEXT_MEM/CONTEXT_RAM0/I1[7]     0.13     0.06 f    -0.07 (VIOLATED)
   I_ORCA_TOP/I_CONTEXT_MEM/CONTEXT_RAM0/I1[8]     0.13     0.06 f    -0.07 (VIOLATED)
   I_ORCA_TOP/I_CONTEXT_MEM/CONTEXT_RAM0/I1[9]     0.13     0.06 f    -0.07 (VIOLATED)
   I_ORCA_TOP/I_CONTEXT_MEM/CONTEXT_RAM0/I1[10]     0.13     0.06 f    -0.07 (VIOLATED)
   I_ORCA_TOP/I_CONTEXT_MEM/CONTEXT_RAM0/I1[11]     0.13     0.06 f    -0.07 (VIOLATED)
   I_ORCA_TOP/I_CONTEXT_MEM/CONTEXT_RAM0/I1[12]     0.13     0.06 f    -0.07 (VIOLATED)
   I_ORCA_TOP/I_CONTEXT_MEM/CONTEXT_RAM0/I1[13]     0.13     0.06 f    -0.07 (VIOLATED)
   I_ORCA_TOP/I_CONTEXT_MEM/CONTEXT_RAM0/I1[14]     0.13     0.06 f    -0.07 (VIOLATED)
   I_ORCA_TOP/I_CONTEXT_MEM/CONTEXT_RAM0/I1[15]     0.13     0.06 f    -0.07 (VIOLATED)
   I_ORCA_TOP/I_CONTEXT_MEM/CONTEXT_RAM0/I1[16]     0.13     0.06 f    -0.07 (VIOLATED)
   I_ORCA_TOP/I_CONTEXT_MEM/CONTEXT_RAM0/I1[17]     0.13     0.06 f    -0.07 (VIOLATED)
   I_ORCA_TOP/I_CONTEXT_MEM/CONTEXT_RAM0/I1[18]     0.13     0.06 f    -0.07 (VIOLATED)
   I_ORCA_TOP/I_CONTEXT_MEM/CONTEXT_RAM0/I1[19]     0.13     0.06 f    -0.07 (VIOLATED)
   I_ORCA_TOP/I_CONTEXT_MEM/CONTEXT_RAM0/I1[20]     0.13     0.06 f    -0.07 (VIOLATED)
   I_ORCA_TOP/I_CONTEXT_MEM/CONTEXT_RAM0/I1[21]     0.13     0.06 f    -0.07 (VIOLATED)
   I_ORCA_TOP/I_CONTEXT_MEM/CONTEXT_RAM0/I1[22]     0.13     0.06 f    -0.07 (VIOLATED)
   I_ORCA_TOP/I_CONTEXT_MEM/CONTEXT_RAM0/I1[23]     0.13     0.06 f    -0.07 (VIOLATED)
   I_ORCA_TOP/I_CONTEXT_MEM/CONTEXT_RAM0/I1[24]     0.13     0.06 f    -0.07 (VIOLATED)
   I_ORCA_TOP/I_CONTEXT_MEM/CONTEXT_RAM0/I1[25]     0.13     0.06 f    -0.07 (VIOLATED)
   I_ORCA_TOP/I_CONTEXT_MEM/CONTEXT_RAM0/I1[26]     0.13     0.06 f    -0.07 (VIOLATED)
   I_ORCA_TOP/I_CONTEXT_MEM/CONTEXT_RAM0/I1[27]     0.13     0.06 f    -0.07 (VIOLATED)
   I_ORCA_TOP/I_CONTEXT_MEM/CONTEXT_RAM0/I1[28]     0.13     0.06 f    -0.07 (VIOLATED)
   I_ORCA_TOP/I_CONTEXT_MEM/CONTEXT_RAM0/I1[29]     0.13     0.06 f    -0.07 (VIOLATED)
   I_ORCA_TOP/I_CONTEXT_MEM/CONTEXT_RAM0/I1[30]     0.13     0.06 f    -0.07 (VIOLATED)
   I_ORCA_TOP/I_CONTEXT_MEM/CONTEXT_RAM0/I1[31]     0.13     0.06 f    -0.07 (VIOLATED)
   I_ORCA_TOP/I_CONTEXT_MEM/CONTEXT_RAM1/I1[0]     0.13     0.06 f    -0.07 (VIOLATED)
   I_ORCA_TOP/I_CONTEXT_MEM/CONTEXT_RAM1/I1[1]     0.13     0.06 f    -0.07 (VIOLATED)
   I_ORCA_TOP/I_CONTEXT_MEM/CONTEXT_RAM1/I1[2]     0.13     0.06 f    -0.07 (VIOLATED)
   I_ORCA_TOP/I_CONTEXT_MEM/CONTEXT_RAM1/I1[3]     0.13     0.06 f    -0.07 (VIOLATED)
   I_ORCA_TOP/I_CONTEXT_MEM/CONTEXT_RAM1/I1[4]     0.13     0.06 f    -0.07 (VIOLATED)
   I_ORCA_TOP/I_CONTEXT_MEM/CONTEXT_RAM1/I1[5]     0.13     0.06 f    -0.07 (VIOLATED)
   I_ORCA_TOP/I_CONTEXT_MEM/CONTEXT_RAM1/I1[6]     0.13     0.06 f    -0.07 (VIOLATED)
   I_ORCA_TOP/I_CONTEXT_MEM/CONTEXT_RAM1/I1[7]     0.13     0.06 f    -0.07 (VIOLATED)
   I_ORCA_TOP/I_CONTEXT_MEM/CONTEXT_RAM1/I1[8]     0.13     0.06 f    -0.07 (VIOLATED)
   I_ORCA_TOP/I_CONTEXT_MEM/CONTEXT_RAM1/I1[9]     0.13     0.06 f    -0.07 (VIOLATED)
   I_ORCA_TOP/I_CONTEXT_MEM/CONTEXT_RAM1/I1[10]     0.13     0.06 f    -0.07 (VIOLATED)
   I_ORCA_TOP/I_CONTEXT_MEM/CONTEXT_RAM1/I1[11]     0.13     0.06 f    -0.07 (VIOLATED)
   I_ORCA_TOP/I_CONTEXT_MEM/CONTEXT_RAM1/I1[12]     0.13     0.06 f    -0.07 (VIOLATED)
   I_ORCA_TOP/I_CONTEXT_MEM/CONTEXT_RAM1/I1[13]     0.13     0.06 f    -0.07 (VIOLATED)
   I_ORCA_TOP/I_CONTEXT_MEM/CONTEXT_RAM1/I1[14]     0.13     0.06 f    -0.07 (VIOLATED)
   I_ORCA_TOP/I_CONTEXT_MEM/CONTEXT_RAM1/I1[15]     0.13     0.06 f    -0.07 (VIOLATED)
   I_ORCA_TOP/I_CONTEXT_MEM/CONTEXT_RAM1/I1[16]     0.13     0.06 f    -0.07 (VIOLATED)
   I_ORCA_TOP/I_CONTEXT_MEM/CONTEXT_RAM1/I1[17]     0.13     0.06 f    -0.07 (VIOLATED)
   I_ORCA_TOP/I_CONTEXT_MEM/CONTEXT_RAM1/I1[18]     0.13     0.06 f    -0.07 (VIOLATED)
   I_ORCA_TOP/I_CONTEXT_MEM/CONTEXT_RAM1/I1[19]     0.13     0.06 f    -0.07 (VIOLATED)
   I_ORCA_TOP/I_CONTEXT_MEM/CONTEXT_RAM1/I1[20]     0.13     0.06 f    -0.07 (VIOLATED)
   I_ORCA_TOP/I_CONTEXT_MEM/CONTEXT_RAM1/I1[21]     0.13     0.06 f    -0.07 (VIOLATED)
   I_ORCA_TOP/I_CONTEXT_MEM/CONTEXT_RAM1/I1[22]     0.13     0.06 f    -0.07 (VIOLATED)
   I_ORCA_TOP/I_CONTEXT_MEM/CONTEXT_RAM1/I1[23]     0.13     0.06 f    -0.07 (VIOLATED)
   I_ORCA_TOP/I_CONTEXT_MEM/CONTEXT_RAM1/I1[24]     0.13     0.06 f    -0.07 (VIOLATED)
   I_ORCA_TOP/I_CONTEXT_MEM/CONTEXT_RAM1/I1[25]     0.13     0.06 f    -0.07 (VIOLATED)
   I_ORCA_TOP/I_CONTEXT_MEM/CONTEXT_RAM1/I1[26]     0.13     0.06 f    -0.07 (VIOLATED)
   I_ORCA_TOP/I_CONTEXT_MEM/CONTEXT_RAM1/I1[27]     0.13     0.06 f    -0.07 (VIOLATED)
   I_ORCA_TOP/I_CONTEXT_MEM/CONTEXT_RAM1/I1[28]     0.13     0.06 f    -0.07 (VIOLATED)
   I_ORCA_TOP/I_CONTEXT_MEM/CONTEXT_RAM1/I1[29]     0.13     0.06 f    -0.07 (VIOLATED)
   I_ORCA_TOP/I_CONTEXT_MEM/CONTEXT_RAM1/I1[30]     0.13     0.06 f    -0.07 (VIOLATED)
   I_ORCA_TOP/I_CONTEXT_MEM/CONTEXT_RAM1/I1[31]     0.13     0.06 f    -0.07 (VIOLATED)
   I_ORCA_TOP/I_CONTEXT_MEM/CONTEXT_RAM2/I1[0]     0.13     0.06 f    -0.07 (VIOLATED)
   I_ORCA_TOP/I_CONTEXT_MEM/CONTEXT_RAM2/I1[1]     0.13     0.06 f    -0.07 (VIOLATED)
   I_ORCA_TOP/I_CONTEXT_MEM/CONTEXT_RAM2/I1[2]     0.13     0.06 f    -0.07 (VIOLATED)
   I_ORCA_TOP/I_CONTEXT_MEM/CONTEXT_RAM2/I1[3]     0.13     0.06 f    -0.07 (VIOLATED)
   I_ORCA_TOP/I_CONTEXT_MEM/CONTEXT_RAM2/I1[4]     0.13     0.06 f    -0.07 (VIOLATED)
   I_ORCA_TOP/I_CONTEXT_MEM/CONTEXT_RAM2/I1[5]     0.13     0.06 f    -0.07 (VIOLATED)
   I_ORCA_TOP/I_CONTEXT_MEM/CONTEXT_RAM2/I1[6]     0.13     0.06 f    -0.07 (VIOLATED)
   I_ORCA_TOP/I_CONTEXT_MEM/CONTEXT_RAM2/I1[7]     0.13     0.06 f    -0.07 (VIOLATED)
   I_ORCA_TOP/I_CONTEXT_MEM/CONTEXT_RAM2/I1[8]     0.13     0.06 f    -0.07 (VIOLATED)
   I_ORCA_TOP/I_CONTEXT_MEM/CONTEXT_RAM2/I1[9]     0.13     0.06 f    -0.07 (VIOLATED)
   I_ORCA_TOP/I_CONTEXT_MEM/CONTEXT_RAM2/I1[10]     0.13     0.06 f    -0.07 (VIOLATED)
   I_ORCA_TOP/I_CONTEXT_MEM/CONTEXT_RAM2/I1[11]     0.13     0.06 f    -0.07 (VIOLATED)
   I_ORCA_TOP/I_CONTEXT_MEM/CONTEXT_RAM2/I1[12]     0.13     0.06 f    -0.07 (VIOLATED)
   I_ORCA_TOP/I_CONTEXT_MEM/CONTEXT_RAM2/I1[13]     0.13     0.06 f    -0.07 (VIOLATED)
   I_ORCA_TOP/I_CONTEXT_MEM/CONTEXT_RAM2/I1[14]     0.13     0.06 f    -0.07 (VIOLATED)
   I_ORCA_TOP/I_CONTEXT_MEM/CONTEXT_RAM2/I1[15]     0.13     0.06 f    -0.07 (VIOLATED)
   I_ORCA_TOP/I_CONTEXT_MEM/CONTEXT_RAM2/I1[16]     0.13     0.06 f    -0.07 (VIOLATED)
   I_ORCA_TOP/I_CONTEXT_MEM/CONTEXT_RAM2/I1[17]     0.13     0.06 f    -0.07 (VIOLATED)
   I_ORCA_TOP/I_CONTEXT_MEM/CONTEXT_RAM2/I1[18]     0.13     0.06 f    -0.07 (VIOLATED)
   I_ORCA_TOP/I_CONTEXT_MEM/CONTEXT_RAM2/I1[19]     0.13     0.06 f    -0.07 (VIOLATED)
   I_ORCA_TOP/I_CONTEXT_MEM/CONTEXT_RAM2/I1[20]     0.13     0.06 f    -0.07 (VIOLATED)
   I_ORCA_TOP/I_CONTEXT_MEM/CONTEXT_RAM2/I1[21]     0.13     0.06 f    -0.07 (VIOLATED)
   I_ORCA_TOP/I_CONTEXT_MEM/CONTEXT_RAM2/I1[22]     0.13     0.06 f    -0.07 (VIOLATED)
   I_ORCA_TOP/I_CONTEXT_MEM/CONTEXT_RAM2/I1[23]     0.13     0.06 f    -0.07 (VIOLATED)
   I_ORCA_TOP/I_CONTEXT_MEM/CONTEXT_RAM2/I1[24]     0.13     0.06 f    -0.07 (VIOLATED)
   I_ORCA_TOP/I_CONTEXT_MEM/CONTEXT_RAM2/I1[25]     0.13     0.06 f    -0.07 (VIOLATED)
   I_ORCA_TOP/I_CONTEXT_MEM/CONTEXT_RAM2/I1[26]     0.13     0.06 f    -0.07 (VIOLATED)
   I_ORCA_TOP/I_CONTEXT_MEM/CONTEXT_RAM2/I1[27]     0.13     0.06 f    -0.07 (VIOLATED)
   I_ORCA_TOP/I_CONTEXT_MEM/CONTEXT_RAM2/I1[28]     0.13     0.06 f    -0.07 (VIOLATED)
   I_ORCA_TOP/I_CONTEXT_MEM/CONTEXT_RAM2/I1[29]     0.13     0.06 f    -0.07 (VIOLATED)
   I_ORCA_TOP/I_CONTEXT_MEM/CONTEXT_RAM2/I1[30]     0.13     0.06 f    -0.07 (VIOLATED)
   I_ORCA_TOP/I_CONTEXT_MEM/CONTEXT_RAM2/I1[31]     0.13     0.06 f    -0.07 (VIOLATED)
   I_ORCA_TOP/I_CONTEXT_MEM/CONTEXT_RAM3/I1[0]     0.13     0.06 f    -0.07 (VIOLATED)
   I_ORCA_TOP/I_CONTEXT_MEM/CONTEXT_RAM3/I1[1]     0.13     0.06 f    -0.07 (VIOLATED)
   I_ORCA_TOP/I_CONTEXT_MEM/CONTEXT_RAM3/I1[2]     0.13     0.06 f    -0.07 (VIOLATED)
   I_ORCA_TOP/I_CONTEXT_MEM/CONTEXT_RAM3/I1[3]     0.13     0.06 f    -0.07 (VIOLATED)
   I_ORCA_TOP/I_CONTEXT_MEM/CONTEXT_RAM3/I1[4]     0.13     0.06 f    -0.07 (VIOLATED)
   I_ORCA_TOP/I_CONTEXT_MEM/CONTEXT_RAM3/I1[5]     0.13     0.06 f    -0.07 (VIOLATED)
   I_ORCA_TOP/I_CONTEXT_MEM/CONTEXT_RAM3/I1[6]     0.13     0.06 f    -0.07 (VIOLATED)
   I_ORCA_TOP/I_CONTEXT_MEM/CONTEXT_RAM3/I1[7]     0.13     0.06 f    -0.07 (VIOLATED)
   I_ORCA_TOP/I_CONTEXT_MEM/CONTEXT_RAM3/I1[8]     0.13     0.06 f    -0.07 (VIOLATED)
   I_ORCA_TOP/I_CONTEXT_MEM/CONTEXT_RAM3/I1[9]     0.13     0.06 f    -0.07 (VIOLATED)
   I_ORCA_TOP/I_CONTEXT_MEM/CONTEXT_RAM3/I1[10]     0.13     0.06 f    -0.07 (VIOLATED)
   I_ORCA_TOP/I_CONTEXT_MEM/CONTEXT_RAM3/I1[11]     0.13     0.06 f    -0.07 (VIOLATED)
   I_ORCA_TOP/I_CONTEXT_MEM/CONTEXT_RAM3/I1[12]     0.13     0.06 f    -0.07 (VIOLATED)
   I_ORCA_TOP/I_CONTEXT_MEM/CONTEXT_RAM3/I1[13]     0.13     0.06 f    -0.07 (VIOLATED)
   I_ORCA_TOP/I_CONTEXT_MEM/CONTEXT_RAM3/I1[14]     0.13     0.06 f    -0.07 (VIOLATED)
   I_ORCA_TOP/I_CONTEXT_MEM/CONTEXT_RAM3/I1[15]     0.13     0.06 f    -0.07 (VIOLATED)
   I_ORCA_TOP/I_CONTEXT_MEM/CONTEXT_RAM3/I1[16]     0.13     0.06 f    -0.07 (VIOLATED)
   I_ORCA_TOP/I_CONTEXT_MEM/CONTEXT_RAM3/I1[17]     0.13     0.06 f    -0.07 (VIOLATED)
   I_ORCA_TOP/I_CONTEXT_MEM/CONTEXT_RAM3/I1[18]     0.13     0.06 f    -0.07 (VIOLATED)
   I_ORCA_TOP/I_CONTEXT_MEM/CONTEXT_RAM3/I1[19]     0.13     0.06 f    -0.07 (VIOLATED)
   I_ORCA_TOP/I_CONTEXT_MEM/CONTEXT_RAM3/I1[20]     0.13     0.06 f    -0.07 (VIOLATED)
   I_ORCA_TOP/I_CONTEXT_MEM/CONTEXT_RAM3/I1[21]     0.13     0.06 f    -0.07 (VIOLATED)
   I_ORCA_TOP/I_CONTEXT_MEM/CONTEXT_RAM3/I1[22]     0.13     0.06 f    -0.07 (VIOLATED)
   I_ORCA_TOP/I_CONTEXT_MEM/CONTEXT_RAM3/I1[23]     0.13     0.06 f    -0.07 (VIOLATED)
   I_ORCA_TOP/I_CONTEXT_MEM/CONTEXT_RAM3/I1[24]     0.13     0.06 f    -0.07 (VIOLATED)
   I_ORCA_TOP/I_CONTEXT_MEM/CONTEXT_RAM3/I1[25]     0.13     0.06 f    -0.07 (VIOLATED)
   I_ORCA_TOP/I_CONTEXT_MEM/CONTEXT_RAM3/I1[26]     0.13     0.06 f    -0.07 (VIOLATED)
   I_ORCA_TOP/I_CONTEXT_MEM/CONTEXT_RAM3/I1[27]     0.13     0.06 f    -0.07 (VIOLATED)
   I_ORCA_TOP/I_CONTEXT_MEM/CONTEXT_RAM3/I1[28]     0.13     0.06 f    -0.07 (VIOLATED)
   I_ORCA_TOP/I_CONTEXT_MEM/CONTEXT_RAM3/I1[29]     0.13     0.06 f    -0.07 (VIOLATED)
   I_ORCA_TOP/I_CONTEXT_MEM/CONTEXT_RAM3/I1[30]     0.13     0.06 f    -0.07 (VIOLATED)
   I_ORCA_TOP/I_CONTEXT_MEM/CONTEXT_RAM3/I1[31]     0.13     0.06 f    -0.07 (VIOLATED)


   max_transition

                             Required        Actual
   Net                      Transition     Transition        Slack
   -----------------------------------------------------------------
   I_ORCA_TOP/I_SDRAM_IF/control_bus[12]     0.09     0.09    -0.01 (VIOLATED)
       PIN :   I_ORCA_TOP/I_SDRAM_IF/control_bus_reg[12]/Q     0.09     0.09    -0.01 (VIOLATED)
   I_ORCA_TOP/I_SDRAM_IF/mega_shift_0[1][7]     0.09     0.09    -0.01 (VIOLATED)
       PIN :   I_ORCA_TOP/I_SDRAM_IF/mega_shift_0_reg[1][7]/Q     0.09     0.09    -0.01 (VIOLATED)
   I_ORCA_TOP/I_SDRAM_IF/mega_shift_0[2][7]     0.09     0.09    -0.01 (VIOLATED)
       PIN :   I_ORCA_TOP/I_SDRAM_IF/mega_shift_0_reg[2][7]/Q     0.09     0.09    -0.01 (VIOLATED)
   I_ORCA_TOP/I_SDRAM_IF/mega_shift_0[3][7]     0.09     0.09    -0.01 (VIOLATED)
       PIN :   I_ORCA_TOP/I_SDRAM_IF/mega_shift_0_reg[3][7]/Q     0.09     0.09    -0.01 (VIOLATED)
   I_ORCA_TOP/I_SDRAM_IF/mega_shift_0[4][7]     0.09     0.09    -0.01 (VIOLATED)
       PIN :   I_ORCA_TOP/I_SDRAM_IF/mega_shift_0_reg[4][7]/Q     0.09     0.09    -0.01 (VIOLATED)
   I_ORCA_TOP/I_SDRAM_IF/mega_shift_0[5][7]     0.09     0.09    -0.01 (VIOLATED)
       PIN :   I_ORCA_TOP/I_SDRAM_IF/mega_shift_0_reg[5][7]/Q     0.09     0.09    -0.01 (VIOLATED)
   I_ORCA_TOP/I_SDRAM_IF/mega_shift_0[6][7]     0.09     0.09    -0.01 (VIOLATED)
       PIN :   I_ORCA_TOP/I_SDRAM_IF/mega_shift_0_reg[6][7]/Q     0.09     0.09    -0.01 (VIOLATED)
   I_ORCA_TOP/I_SDRAM_IF/mega_shift_0[7][7]     0.09     0.09    -0.01 (VIOLATED)
       PIN :   I_ORCA_TOP/I_SDRAM_IF/mega_shift_0_reg[7][7]/Q     0.09     0.09    -0.01 (VIOLATED)
   I_ORCA_TOP/I_SDRAM_IF/mega_shift_0[8][7]     0.09     0.09    -0.01 (VIOLATED)
       PIN :   I_ORCA_TOP/I_SDRAM_IF/mega_shift_0_reg[8][7]/Q     0.09     0.09    -0.01 (VIOLATED)
   I_ORCA_TOP/I_SDRAM_IF/mega_shift_0[9][7]     0.09     0.09    -0.01 (VIOLATED)
       PIN :   I_ORCA_TOP/I_SDRAM_IF/mega_shift_0_reg[9][7]/Q     0.09     0.09    -0.01 (VIOLATED)
   I_ORCA_TOP/I_SDRAM_IF/mega_shift_0[10][7]     0.09     0.09    -0.01 (VIOLATED)
       PIN :   I_ORCA_TOP/I_SDRAM_IF/mega_shift_0_reg[10][7]/Q     0.09     0.09    -0.01 (VIOLATED)
   I_ORCA_TOP/I_SDRAM_IF/mega_shift_0[11][7]     0.09     0.09    -0.01 (VIOLATED)
       PIN :   I_ORCA_TOP/I_SDRAM_IF/mega_shift_0_reg[11][7]/Q     0.09     0.09    -0.01 (VIOLATED)
   I_ORCA_TOP/I_SDRAM_IF/mega_shift_0[12][7]     0.09     0.09    -0.01 (VIOLATED)
       PIN :   I_ORCA_TOP/I_SDRAM_IF/mega_shift_0_reg[12][7]/Q     0.09     0.09    -0.01 (VIOLATED)
   I_ORCA_TOP/I_SDRAM_IF/mega_shift_0[13][7]     0.09     0.09    -0.01 (VIOLATED)
       PIN :   I_ORCA_TOP/I_SDRAM_IF/mega_shift_0_reg[13][7]/Q     0.09     0.09    -0.01 (VIOLATED)
   I_ORCA_TOP/I_SDRAM_IF/mega_shift_0[14][7]     0.09     0.09    -0.01 (VIOLATED)
       PIN :   I_ORCA_TOP/I_SDRAM_IF/mega_shift_0_reg[14][7]/Q     0.09     0.09    -0.01 (VIOLATED)
   I_ORCA_TOP/I_SDRAM_IF/mega_shift_0[15][7]     0.09     0.09    -0.01 (VIOLATED)
       PIN :   I_ORCA_TOP/I_SDRAM_IF/mega_shift_0_reg[15][7]/Q     0.09     0.09    -0.01 (VIOLATED)
   I_ORCA_TOP/I_SDRAM_IF/mega_shift_0[16][7]     0.09     0.09    -0.01 (VIOLATED)
       PIN :   I_ORCA_TOP/I_SDRAM_IF/mega_shift_0_reg[16][7]/Q     0.09     0.09    -0.01 (VIOLATED)
   I_ORCA_TOP/I_SDRAM_IF/mega_shift_0[17][7]     0.09     0.09    -0.01 (VIOLATED)
       PIN :   I_ORCA_TOP/I_SDRAM_IF/mega_shift_0_reg[17][7]/Q     0.09     0.09    -0.01 (VIOLATED)
   I_ORCA_TOP/I_SDRAM_IF/mega_shift_0[18][7]     0.09     0.09    -0.01 (VIOLATED)
       PIN :   I_ORCA_TOP/I_SDRAM_IF/mega_shift_0_reg[18][7]/Q     0.09     0.09    -0.01 (VIOLATED)
   I_ORCA_TOP/I_SDRAM_IF/mega_shift_0[19][7]     0.09     0.09    -0.01 (VIOLATED)
       PIN :   I_ORCA_TOP/I_SDRAM_IF/mega_shift_0_reg[19][7]/Q     0.09     0.09    -0.01 (VIOLATED)
   I_ORCA_TOP/I_SDRAM_IF/mega_shift_0[20][7]     0.09     0.09    -0.01 (VIOLATED)
       PIN :   I_ORCA_TOP/I_SDRAM_IF/mega_shift_0_reg[20][7]/Q     0.09     0.09    -0.01 (VIOLATED)
   I_ORCA_TOP/I_SDRAM_IF/mega_shift_0[21][7]     0.09     0.09    -0.01 (VIOLATED)
       PIN :   I_ORCA_TOP/I_SDRAM_IF/mega_shift_0_reg[21][7]/Q     0.09     0.09    -0.01 (VIOLATED)
   I_ORCA_TOP/I_SDRAM_IF/mega_shift_0[22][7]     0.09     0.09    -0.01 (VIOLATED)
       PIN :   I_ORCA_TOP/I_SDRAM_IF/mega_shift_0_reg[22][7]/Q     0.09     0.09    -0.01 (VIOLATED)
   I_ORCA_TOP/I_SDRAM_IF/mega_shift_0[23][7]     0.09     0.09    -0.01 (VIOLATED)
       PIN :   I_ORCA_TOP/I_SDRAM_IF/mega_shift_0_reg[23][7]/Q     0.09     0.09    -0.01 (VIOLATED)
   I_ORCA_TOP/I_SDRAM_IF/mega_shift_0[24][7]     0.09     0.09    -0.01 (VIOLATED)
       PIN :   I_ORCA_TOP/I_SDRAM_IF/mega_shift_0_reg[24][7]/Q     0.09     0.09    -0.01 (VIOLATED)
   I_ORCA_TOP/I_SDRAM_IF/mega_shift_0[25][7]     0.09     0.09    -0.01 (VIOLATED)
       PIN :   I_ORCA_TOP/I_SDRAM_IF/mega_shift_0_reg[25][7]/Q     0.09     0.09    -0.01 (VIOLATED)
   I_ORCA_TOP/I_SDRAM_IF/mega_shift_0[26][7]     0.09     0.09    -0.01 (VIOLATED)
       PIN :   I_ORCA_TOP/I_SDRAM_IF/mega_shift_0_reg[26][7]/Q     0.09     0.09    -0.01 (VIOLATED)
   I_ORCA_TOP/I_SDRAM_IF/mega_shift_0[27][7]     0.09     0.09    -0.01 (VIOLATED)
       PIN :   I_ORCA_TOP/I_SDRAM_IF/mega_shift_0_reg[27][7]/Q     0.09     0.09    -0.01 (VIOLATED)
   I_ORCA_TOP/I_SDRAM_IF/mega_shift_0[28][7]     0.09     0.09    -0.01 (VIOLATED)
       PIN :   I_ORCA_TOP/I_SDRAM_IF/mega_shift_0_reg[28][7]/Q     0.09     0.09    -0.01 (VIOLATED)
   I_ORCA_TOP/I_SDRAM_IF/mega_shift_0[29][7]     0.09     0.09    -0.01 (VIOLATED)
       PIN :   I_ORCA_TOP/I_SDRAM_IF/mega_shift_0_reg[29][7]/Q     0.09     0.09    -0.01 (VIOLATED)
   I_ORCA_TOP/I_SDRAM_IF/mega_shift_0[30][7]     0.09     0.09    -0.01 (VIOLATED)
       PIN :   I_ORCA_TOP/I_SDRAM_IF/mega_shift_0_reg[30][7]/Q     0.09     0.09    -0.01 (VIOLATED)
   I_ORCA_TOP/I_SDRAM_IF/mega_shift_0[1][6]     0.09     0.09     0.00 (VIOLATED: increase significant digits)
   I_ORCA_TOP/I_SDRAM_IF/mega_shift_0[2][6]     0.09     0.09     0.00 (VIOLATED: increase significant digits)
   I_ORCA_TOP/I_SDRAM_IF/mega_shift_0[3][6]     0.09     0.09     0.00 (VIOLATED: increase significant digits)
   I_ORCA_TOP/I_SDRAM_IF/mega_shift_0[4][6]     0.09     0.09     0.00 (VIOLATED: increase significant digits)
   I_ORCA_TOP/I_SDRAM_IF/mega_shift_0[5][6]     0.09     0.09     0.00 (VIOLATED: increase significant digits)
   I_ORCA_TOP/I_SDRAM_IF/mega_shift_0[6][6]     0.09     0.09     0.00 (VIOLATED: increase significant digits)
   I_ORCA_TOP/I_SDRAM_IF/mega_shift_0[7][6]     0.09     0.09     0.00 (VIOLATED: increase significant digits)
   I_ORCA_TOP/I_SDRAM_IF/mega_shift_0[8][6]     0.09     0.09     0.00 (VIOLATED: increase significant digits)
   I_ORCA_TOP/I_SDRAM_IF/mega_shift_0[9][6]     0.09     0.09     0.00 (VIOLATED: increase significant digits)
   I_ORCA_TOP/I_SDRAM_IF/mega_shift_0[10][6]     0.09     0.09     0.00 (VIOLATED: increase significant digits)
   I_ORCA_TOP/I_SDRAM_IF/mega_shift_0[11][6]     0.09     0.09     0.00 (VIOLATED: increase significant digits)
   I_ORCA_TOP/I_SDRAM_IF/mega_shift_0[12][6]     0.09     0.09     0.00 (VIOLATED: increase significant digits)
   I_ORCA_TOP/I_SDRAM_IF/mega_shift_0[13][6]     0.09     0.09     0.00 (VIOLATED: increase significant digits)
   I_ORCA_TOP/I_SDRAM_IF/mega_shift_0[14][6]     0.09     0.09     0.00 (VIOLATED: increase significant digits)
   I_ORCA_TOP/I_SDRAM_IF/mega_shift_0[15][6]     0.09     0.09     0.00 (VIOLATED: increase significant digits)
   I_ORCA_TOP/I_SDRAM_IF/mega_shift_0[16][6]     0.09     0.09     0.00 (VIOLATED: increase significant digits)
   I_ORCA_TOP/I_SDRAM_IF/mega_shift_0[17][6]     0.09     0.09     0.00 (VIOLATED: increase significant digits)
   I_ORCA_TOP/I_SDRAM_IF/mega_shift_0[18][6]     0.09     0.09     0.00 (VIOLATED: increase significant digits)
   I_ORCA_TOP/I_SDRAM_IF/mega_shift_0[19][6]     0.09     0.09     0.00 (VIOLATED: increase significant digits)
   I_ORCA_TOP/I_SDRAM_IF/mega_shift_0[20][6]     0.09     0.09     0.00 (VIOLATED: increase significant digits)
   I_ORCA_TOP/I_SDRAM_IF/mega_shift_0[21][6]     0.09     0.09     0.00 (VIOLATED: increase significant digits)
   I_ORCA_TOP/I_SDRAM_IF/mega_shift_0[22][6]     0.09     0.09     0.00 (VIOLATED: increase significant digits)
   I_ORCA_TOP/I_SDRAM_IF/mega_shift_0[23][6]     0.09     0.09     0.00 (VIOLATED: increase significant digits)
   I_ORCA_TOP/I_SDRAM_IF/mega_shift_0[24][6]     0.09     0.09     0.00 (VIOLATED: increase significant digits)
   I_ORCA_TOP/I_SDRAM_IF/mega_shift_0[25][6]     0.09     0.09     0.00 (VIOLATED: increase significant digits)
   I_ORCA_TOP/I_SDRAM_IF/mega_shift_0[26][6]     0.09     0.09     0.00 (VIOLATED: increase significant digits)
   I_ORCA_TOP/I_SDRAM_IF/mega_shift_0[27][6]     0.09     0.09     0.00 (VIOLATED: increase significant digits)
   I_ORCA_TOP/I_SDRAM_IF/mega_shift_0[28][6]     0.09     0.09     0.00 (VIOLATED: increase significant digits)
   I_ORCA_TOP/I_SDRAM_IF/mega_shift_0[29][6]     0.09     0.09     0.00 (VIOLATED: increase significant digits)
   I_ORCA_TOP/I_SDRAM_IF/mega_shift_0[30][6]     0.09     0.09     0.00 (VIOLATED: increase significant digits)
   I_ORCA_TOP/I_SDRAM_IF/mega_shift_1[1][7]     0.09     0.09     0.00 (VIOLATED: increase significant digits)
   I_ORCA_TOP/I_SDRAM_IF/mega_shift_1[2][7]     0.09     0.09     0.00 (VIOLATED: increase significant digits)
   I_ORCA_TOP/I_SDRAM_IF/mega_shift_1[3][7]     0.09     0.09     0.00 (VIOLATED: increase significant digits)
   I_ORCA_TOP/I_SDRAM_IF/mega_shift_1[4][7]     0.09     0.09     0.00 (VIOLATED: increase significant digits)
   I_ORCA_TOP/I_SDRAM_IF/mega_shift_1[5][7]     0.09     0.09     0.00 (VIOLATED: increase significant digits)
   I_ORCA_TOP/I_SDRAM_IF/mega_shift_1[6][7]     0.09     0.09     0.00 (VIOLATED: increase significant digits)
   I_ORCA_TOP/I_SDRAM_IF/mega_shift_1[7][7]     0.09     0.09     0.00 (VIOLATED: increase significant digits)
   I_ORCA_TOP/I_SDRAM_IF/mega_shift_1[8][7]     0.09     0.09     0.00 (VIOLATED: increase significant digits)
   I_ORCA_TOP/I_SDRAM_IF/mega_shift_1[9][7]     0.09     0.09     0.00 (VIOLATED: increase significant digits)
   I_ORCA_TOP/I_SDRAM_IF/mega_shift_1[10][7]     0.09     0.09     0.00 (VIOLATED: increase significant digits)
   I_ORCA_TOP/I_SDRAM_IF/mega_shift_1[12][7]     0.09     0.09     0.00 (VIOLATED: increase significant digits)
   I_ORCA_TOP/I_SDRAM_IF/mega_shift_1[13][7]     0.09     0.09     0.00 (VIOLATED: increase significant digits)
   I_ORCA_TOP/I_SDRAM_IF/mega_shift_1[14][7]     0.09     0.09     0.00 (VIOLATED: increase significant digits)
   I_ORCA_TOP/I_SDRAM_IF/mega_shift_1[15][7]     0.09     0.09     0.00 (VIOLATED: increase significant digits)
   I_ORCA_TOP/I_SDRAM_IF/mega_shift_1[16][7]     0.09     0.09     0.00 (VIOLATED: increase significant digits)
   I_ORCA_TOP/I_SDRAM_IF/mega_shift_1[17][7]     0.09     0.09     0.00 (VIOLATED: increase significant digits)
   I_ORCA_TOP/I_SDRAM_IF/mega_shift_1[18][7]     0.09     0.09     0.00 (VIOLATED: increase significant digits)
   I_ORCA_TOP/I_SDRAM_IF/mega_shift_1[19][7]     0.09     0.09     0.00 (VIOLATED: increase significant digits)
   I_ORCA_TOP/I_SDRAM_IF/mega_shift_1[20][7]     0.09     0.09     0.00 (VIOLATED: increase significant digits)
   I_ORCA_TOP/I_SDRAM_IF/mega_shift_1[21][7]     0.09     0.09     0.00 (VIOLATED: increase significant digits)
   I_ORCA_TOP/I_SDRAM_IF/mega_shift_1[22][7]     0.09     0.09     0.00 (VIOLATED: increase significant digits)
   I_ORCA_TOP/I_SDRAM_IF/mega_shift_1[23][7]     0.09     0.09     0.00 (VIOLATED: increase significant digits)
   I_ORCA_TOP/I_SDRAM_IF/mega_shift_1[24][7]     0.09     0.09     0.00 (VIOLATED: increase significant digits)
   I_ORCA_TOP/I_SDRAM_IF/mega_shift_1[25][7]     0.09     0.09     0.00 (VIOLATED: increase significant digits)
   I_ORCA_TOP/I_SDRAM_IF/mega_shift_1[26][7]     0.09     0.09     0.00 (VIOLATED: increase significant digits)
   I_ORCA_TOP/I_SDRAM_IF/mega_shift_1[27][7]     0.09     0.09     0.00 (VIOLATED: increase significant digits)
   I_ORCA_TOP/I_SDRAM_IF/mega_shift_1[28][7]     0.09     0.09     0.00 (VIOLATED: increase significant digits)
   I_ORCA_TOP/I_SDRAM_IF/mega_shift_1[29][7]     0.09     0.09     0.00 (VIOLATED: increase significant digits)
   I_ORCA_TOP/I_SDRAM_IF/mega_shift_1[30][7]     0.09     0.09     0.00 (VIOLATED: increase significant digits)
   I_ORCA_TOP/I_SDRAM_IF/mega_shift_1[1][6]     0.09     0.09     0.00 (VIOLATED: increase significant digits)
   I_ORCA_TOP/I_SDRAM_IF/mega_shift_1[2][6]     0.09     0.09     0.00 (VIOLATED: increase significant digits)
   I_ORCA_TOP/I_SDRAM_IF/mega_shift_1[3][6]     0.09     0.09     0.00 (VIOLATED: increase significant digits)
   I_ORCA_TOP/I_SDRAM_IF/mega_shift_1[4][6]     0.09     0.09     0.00 (VIOLATED: increase significant digits)
   I_ORCA_TOP/I_SDRAM_IF/mega_shift_1[5][6]     0.09     0.09     0.00 (VIOLATED: increase significant digits)
   I_ORCA_TOP/I_SDRAM_IF/mega_shift_1[6][6]     0.09     0.09     0.00 (VIOLATED: increase significant digits)
   I_ORCA_TOP/I_SDRAM_IF/mega_shift_1[7][6]     0.09     0.09     0.00 (VIOLATED: increase significant digits)
   I_ORCA_TOP/I_SDRAM_IF/mega_shift_1[8][6]     0.09     0.09     0.00 (VIOLATED: increase significant digits)
   I_ORCA_TOP/I_SDRAM_IF/mega_shift_1[9][6]     0.09     0.09     0.00 (VIOLATED: increase significant digits)
   I_ORCA_TOP/I_SDRAM_IF/mega_shift_1[10][6]     0.09     0.09     0.00 (VIOLATED: increase significant digits)
   I_ORCA_TOP/I_SDRAM_IF/mega_shift_1[12][6]     0.09     0.09     0.00 (VIOLATED: increase significant digits)
   I_ORCA_TOP/I_SDRAM_IF/mega_shift_1[13][6]     0.09     0.09     0.00 (VIOLATED: increase significant digits)
   I_ORCA_TOP/I_SDRAM_IF/mega_shift_1[14][6]     0.09     0.09     0.00 (VIOLATED: increase significant digits)
   I_ORCA_TOP/I_SDRAM_IF/mega_shift_1[15][6]     0.09     0.09     0.00 (VIOLATED: increase significant digits)
   I_ORCA_TOP/I_SDRAM_IF/mega_shift_1[16][6]     0.09     0.09     0.00 (VIOLATED: increase significant digits)
   I_ORCA_TOP/I_SDRAM_IF/mega_shift_1[17][6]     0.09     0.09     0.00 (VIOLATED: increase significant digits)
   I_ORCA_TOP/I_SDRAM_IF/mega_shift_1[18][6]     0.09     0.09     0.00 (VIOLATED: increase significant digits)
   I_ORCA_TOP/I_SDRAM_IF/mega_shift_1[19][6]     0.09     0.09     0.00 (VIOLATED: increase significant digits)
   I_ORCA_TOP/I_SDRAM_IF/mega_shift_1[20][6]     0.09     0.09     0.00 (VIOLATED: increase significant digits)
   I_ORCA_TOP/I_SDRAM_IF/mega_shift_1[21][6]     0.09     0.09     0.00 (VIOLATED: increase significant digits)
   I_ORCA_TOP/I_SDRAM_IF/mega_shift_1[22][6]     0.09     0.09     0.00 (VIOLATED: increase significant digits)
   I_ORCA_TOP/I_SDRAM_IF/mega_shift_1[23][6]     0.09     0.09     0.00 (VIOLATED: increase significant digits)
   I_ORCA_TOP/I_SDRAM_IF/mega_shift_1[24][6]     0.09     0.09     0.00 (VIOLATED: increase significant digits)
   I_ORCA_TOP/I_SDRAM_IF/mega_shift_1[25][6]     0.09     0.09     0.00 (VIOLATED: increase significant digits)
   I_ORCA_TOP/I_SDRAM_IF/mega_shift_1[26][6]     0.09     0.09     0.00 (VIOLATED: increase significant digits)
   I_ORCA_TOP/I_SDRAM_IF/mega_shift_1[27][6]     0.09     0.09     0.00 (VIOLATED: increase significant digits)
   I_ORCA_TOP/I_SDRAM_IF/mega_shift_1[28][6]     0.09     0.09     0.00 (VIOLATED: increase significant digits)
   I_ORCA_TOP/I_SDRAM_IF/mega_shift_1[29][6]     0.09     0.09     0.00 (VIOLATED: increase significant digits)
   I_ORCA_TOP/I_SDRAM_IF/mega_shift_1[30][6]     0.09     0.09     0.00 (VIOLATED: increase significant digits)

   -----------------------------------------------------------------
   Total                      119                -0.36  

   multiport_net

                             Required        Actual
   Net                          Cost           Cost          Violation
   -----------------------------------------------------------------
   I_ORCA_TOP/pclk              0.00           1.00          -1.00  (VIOLATED)
   I_ORCA_TOP/sdram_clk         0.00           1.00          -1.00  (VIOLATED)


1
