Command: vcs -full64 -debug_acc+all -kdb +define+SDF_PRE +neg_tchk +maxdelays -timescale=1ns/1ps \
+lint=TFIPC-L -f run_pre.f -l run_pre.log
                         Chronologic VCS (TM)
      Version S-2021.09-SP2-9_Full64 -- Sun Jun 15 23:50:15 2025

                    Copyright (c) 1991 - 2023 Synopsys, Inc.
   This software and the associated documentation are proprietary to Synopsys,
 Inc. This software may only be used in accordance with the terms and conditions
 of a written license agreement with Synopsys, Inc. All other use, reproduction,
   or distribution of this software is strictly prohibited.  Licensed Products
     communicate with Synopsys servers for the purpose of providing software
    updates, detecting software piracy and verifying that customers are using
    Licensed Products in conformity with the applicable License Key for such
  Licensed Products. Synopsys will use information gathered in connection with
    this process to deliver software updates and pursue software pirates and
                                   infringers.

 Inclusivity & Diversity - Visit SolvNetPlus to read the "Synopsys Statement on
            Inclusivity and Diversity" (Refer to article 000036315 at
                        https://solvnetplus.synopsys.com)

Parsing design file '../../syn/out/mapped/m_fir13_filter.v'
Parsing design file '../tb/tb_fir13_filter.v'
Parsing library file '/tools/dk/SAED32_EDK/lib/stdcell_rvt/verilog/saed32nm.v'
Top Level Modules:
       tb_fir13_filter
TimeScale is 1 ps / 1 ps

Lint-[TFIPC-L] Too few instance port connections
../../syn/out/mapped/m_fir13_filter.v, 121
fir13_filter, "DFFARX1_RVT x0_reg_6_( .D (x_in[6]),  .CLK (clk),  .RSTB (n11),  .Q (x0[6]));"
  The above instance has fewer port connections than the module definition,
  There are 5 port(s) in module "DFFARX1_RVT" definition, but only 4 port 
  connect(s) in the instance.
  output port 'QN' is not connected.


Lint-[TFIPC-L] Too few instance port connections
../../syn/out/mapped/m_fir13_filter.v, 122
fir13_filter, "DFFARX1_RVT x0_reg_5_( .D (x_in[5]),  .CLK (clk),  .RSTB (n12),  .Q (x0[5]));"
  The above instance has fewer port connections than the module definition,
  There are 5 port(s) in module "DFFARX1_RVT" definition, but only 4 port 
  connect(s) in the instance.
  output port 'QN' is not connected.


Lint-[TFIPC-L] Too few instance port connections
../../syn/out/mapped/m_fir13_filter.v, 123
fir13_filter, "DFFARX1_RVT x0_reg_4_( .D (x_in[4]),  .CLK (clk),  .RSTB (n12),  .Q (x0[4]));"
  The above instance has fewer port connections than the module definition,
  There are 5 port(s) in module "DFFARX1_RVT" definition, but only 4 port 
  connect(s) in the instance.
  output port 'QN' is not connected.


Lint-[TFIPC-L] Too few instance port connections
../../syn/out/mapped/m_fir13_filter.v, 124
fir13_filter, "DFFARX1_RVT x0_reg_3_( .D (x_in[3]),  .CLK (clk),  .RSTB (n7),  .Q (x0[3]));"
  The above instance has fewer port connections than the module definition,
  There are 5 port(s) in module "DFFARX1_RVT" definition, but only 4 port 
  connect(s) in the instance.
  output port 'QN' is not connected.


Lint-[TFIPC-L] Too few instance port connections
../../syn/out/mapped/m_fir13_filter.v, 125
fir13_filter, "DFFARX1_RVT x0_reg_2_( .D (x_in[2]),  .CLK (clk),  .RSTB (n11),  .Q (x0[2]));"
  The above instance has fewer port connections than the module definition,
  There are 5 port(s) in module "DFFARX1_RVT" definition, but only 4 port 
  connect(s) in the instance.
  output port 'QN' is not connected.


Lint-[TFIPC-L] Too few instance port connections
../../syn/out/mapped/m_fir13_filter.v, 126
fir13_filter, "DFFARX1_RVT x0_reg_1_( .D (x_in[1]),  .CLK (clk),  .RSTB (n13),  .Q (x0[1]));"
  The above instance has fewer port connections than the module definition,
  There are 5 port(s) in module "DFFARX1_RVT" definition, but only 4 port 
  connect(s) in the instance.
  output port 'QN' is not connected.


Lint-[TFIPC-L] Too few instance port connections
../../syn/out/mapped/m_fir13_filter.v, 127
fir13_filter, "DFFARX1_RVT x0_reg_0_( .D (x_in[0]),  .CLK (clk),  .RSTB (n17),  .Q (x0[0]));"
  The above instance has fewer port connections than the module definition,
  There are 5 port(s) in module "DFFARX1_RVT" definition, but only 4 port 
  connect(s) in the instance.
  output port 'QN' is not connected.


Lint-[TFIPC-L] Too few instance port connections
../../syn/out/mapped/m_fir13_filter.v, 130
fir13_filter, "DFFARX1_RVT x1_reg_6_( .D (x0[6]),  .CLK (clk),  .RSTB (n13),  .Q (x1[6]));"
  The above instance has fewer port connections than the module definition,
  There are 5 port(s) in module "DFFARX1_RVT" definition, but only 4 port 
  connect(s) in the instance.
  output port 'QN' is not connected.


Lint-[TFIPC-L] Too few instance port connections
../../syn/out/mapped/m_fir13_filter.v, 131
fir13_filter, "DFFARX1_RVT x1_reg_5_( .D (x0[5]),  .CLK (clk),  .RSTB (n17),  .Q (x1[5]));"
  The above instance has fewer port connections than the module definition,
  There are 5 port(s) in module "DFFARX1_RVT" definition, but only 4 port 
  connect(s) in the instance.
  output port 'QN' is not connected.


Lint-[TFIPC-L] Too few instance port connections
../../syn/out/mapped/m_fir13_filter.v, 132
fir13_filter, "DFFARX1_RVT x1_reg_4_( .D (x0[4]),  .CLK (clk),  .RSTB (n7),  .Q (x1[4]));"
  The above instance has fewer port connections than the module definition,
  There are 5 port(s) in module "DFFARX1_RVT" definition, but only 4 port 
  connect(s) in the instance.
  output port 'QN' is not connected.


Lint-[TFIPC-L] Too few instance port connections
../../syn/out/mapped/m_fir13_filter.v, 133
fir13_filter, "DFFARX1_RVT x1_reg_3_( .D (x0[3]),  .CLK (clk),  .RSTB (n10),  .Q (x1[3]));"
  The above instance has fewer port connections than the module definition,
  There are 5 port(s) in module "DFFARX1_RVT" definition, but only 4 port 
  connect(s) in the instance.
  output port 'QN' is not connected.


Lint-[TFIPC-L] Too few instance port connections
../../syn/out/mapped/m_fir13_filter.v, 134
fir13_filter, "DFFARX1_RVT x1_reg_2_( .D (x0[2]),  .CLK (clk),  .RSTB (n7),  .Q (x1[2]));"
  The above instance has fewer port connections than the module definition,
  There are 5 port(s) in module "DFFARX1_RVT" definition, but only 4 port 
  connect(s) in the instance.
  output port 'QN' is not connected.


Lint-[TFIPC-L] Too few instance port connections
../../syn/out/mapped/m_fir13_filter.v, 135
fir13_filter, "DFFARX1_RVT x1_reg_1_( .D (x0[1]),  .CLK (clk),  .RSTB (n7),  .Q (x1[1]));"
  The above instance has fewer port connections than the module definition,
  There are 5 port(s) in module "DFFARX1_RVT" definition, but only 4 port 
  connect(s) in the instance.
  output port 'QN' is not connected.


Lint-[TFIPC-L] Too few instance port connections
../../syn/out/mapped/m_fir13_filter.v, 136
fir13_filter, "DFFARX1_RVT x1_reg_0_( .D (x0[0]),  .CLK (clk),  .RSTB (n12),  .Q (x1[0]));"
  The above instance has fewer port connections than the module definition,
  There are 5 port(s) in module "DFFARX1_RVT" definition, but only 4 port 
  connect(s) in the instance.
  output port 'QN' is not connected.


Lint-[TFIPC-L] Too few instance port connections
../../syn/out/mapped/m_fir13_filter.v, 137
fir13_filter, "DFFARX1_RVT x2_reg_7_( .D (x1[7]),  .CLK (clk),  .RSTB (n10),  .Q (x2[7]));"
  The above instance has fewer port connections than the module definition,
  There are 5 port(s) in module "DFFARX1_RVT" definition, but only 4 port 
  connect(s) in the instance.
  output port 'QN' is not connected.


Lint-[TFIPC-L] Too few instance port connections
../../syn/out/mapped/m_fir13_filter.v, 138
fir13_filter, "DFFARX1_RVT x2_reg_6_( .D (x1[6]),  .CLK (clk),  .RSTB (n_rst),  .Q (x2[6]));"
  The above instance has fewer port connections than the module definition,
  There are 5 port(s) in module "DFFARX1_RVT" definition, but only 4 port 
  connect(s) in the instance.
  output port 'QN' is not connected.


Lint-[TFIPC-L] Too few instance port connections
../../syn/out/mapped/m_fir13_filter.v, 139
fir13_filter, "DFFARX1_RVT x2_reg_5_( .D (x1[5]),  .CLK (clk),  .RSTB (n_rst),  .Q (x2[5]));"
  The above instance has fewer port connections than the module definition,
  There are 5 port(s) in module "DFFARX1_RVT" definition, but only 4 port 
  connect(s) in the instance.
  output port 'QN' is not connected.


Lint-[TFIPC-L] Too few instance port connections
../../syn/out/mapped/m_fir13_filter.v, 140
fir13_filter, "DFFARX1_RVT x2_reg_4_( .D (x1[4]),  .CLK (clk),  .RSTB (n16),  .Q (x2[4]));"
  The above instance has fewer port connections than the module definition,
  There are 5 port(s) in module "DFFARX1_RVT" definition, but only 4 port 
  connect(s) in the instance.
  output port 'QN' is not connected.


Lint-[TFIPC-L] Too few instance port connections
../../syn/out/mapped/m_fir13_filter.v, 141
fir13_filter, "DFFARX1_RVT x2_reg_3_( .D (x1[3]),  .CLK (clk),  .RSTB (n9),  .Q (x2[3]));"
  The above instance has fewer port connections than the module definition,
  There are 5 port(s) in module "DFFARX1_RVT" definition, but only 4 port 
  connect(s) in the instance.
  output port 'QN' is not connected.


Lint-[TFIPC-L] Too few instance port connections
../../syn/out/mapped/m_fir13_filter.v, 142
fir13_filter, "DFFARX1_RVT x2_reg_2_( .D (x1[2]),  .CLK (clk),  .RSTB (n8),  .Q (x2[2]));"
  The above instance has fewer port connections than the module definition,
  There are 5 port(s) in module "DFFARX1_RVT" definition, but only 4 port 
  connect(s) in the instance.
  output port 'QN' is not connected.


Lint-[TFIPC-L] Too few instance port connections
../../syn/out/mapped/m_fir13_filter.v, 143
fir13_filter, "DFFARX1_RVT x2_reg_1_( .D (x1[1]),  .CLK (clk),  .RSTB (n8),  .Q (x2[1]));"
  The above instance has fewer port connections than the module definition,
  There are 5 port(s) in module "DFFARX1_RVT" definition, but only 4 port 
  connect(s) in the instance.
  output port 'QN' is not connected.


Lint-[TFIPC-L] Too few instance port connections
../../syn/out/mapped/m_fir13_filter.v, 144
fir13_filter, "DFFARX1_RVT x2_reg_0_( .D (x1[0]),  .CLK (clk),  .RSTB (n10),  .Q (x2[0]));"
  The above instance has fewer port connections than the module definition,
  There are 5 port(s) in module "DFFARX1_RVT" definition, but only 4 port 
  connect(s) in the instance.
  output port 'QN' is not connected.


Lint-[TFIPC-L] Too few instance port connections
../../syn/out/mapped/m_fir13_filter.v, 146
fir13_filter, "DFFARX1_RVT x3_reg_6_( .D (x2[6]),  .CLK (clk),  .RSTB (n6),  .Q (x3[6]));"
  The above instance has fewer port connections than the module definition,
  There are 5 port(s) in module "DFFARX1_RVT" definition, but only 4 port 
  connect(s) in the instance.
  output port 'QN' is not connected.


Lint-[TFIPC-L] Too few instance port connections
../../syn/out/mapped/m_fir13_filter.v, 147
fir13_filter, "DFFARX1_RVT x3_reg_5_( .D (x2[5]),  .CLK (clk),  .RSTB (n12),  .Q (x3[5]));"
  The above instance has fewer port connections than the module definition,
  There are 5 port(s) in module "DFFARX1_RVT" definition, but only 4 port 
  connect(s) in the instance.
  output port 'QN' is not connected.


Lint-[TFIPC-L] Too few instance port connections
../../syn/out/mapped/m_fir13_filter.v, 148
fir13_filter, "DFFARX1_RVT x3_reg_4_( .D (x2[4]),  .CLK (clk),  .RSTB (n15),  .Q (x3[4]));"
  The above instance has fewer port connections than the module definition,
  There are 5 port(s) in module "DFFARX1_RVT" definition, but only 4 port 
  connect(s) in the instance.
  output port 'QN' is not connected.


Lint-[TFIPC-L] Too few instance port connections
../../syn/out/mapped/m_fir13_filter.v, 149
fir13_filter, "DFFARX1_RVT x3_reg_3_( .D (x2[3]),  .CLK (clk),  .RSTB (n11),  .Q (x3[3]));"
  The above instance has fewer port connections than the module definition,
  There are 5 port(s) in module "DFFARX1_RVT" definition, but only 4 port 
  connect(s) in the instance.
  output port 'QN' is not connected.


Lint-[TFIPC-L] Too few instance port connections
../../syn/out/mapped/m_fir13_filter.v, 150
fir13_filter, "DFFARX1_RVT x3_reg_2_( .D (x2[2]),  .CLK (clk),  .RSTB (n6),  .Q (x3[2]));"
  The above instance has fewer port connections than the module definition,
  There are 5 port(s) in module "DFFARX1_RVT" definition, but only 4 port 
  connect(s) in the instance.
  output port 'QN' is not connected.


Lint-[TFIPC-L] Too few instance port connections
../../syn/out/mapped/m_fir13_filter.v, 151
fir13_filter, "DFFARX1_RVT x3_reg_1_( .D (x2[1]),  .CLK (clk),  .RSTB (n6),  .Q (x3[1]));"
  The above instance has fewer port connections than the module definition,
  There are 5 port(s) in module "DFFARX1_RVT" definition, but only 4 port 
  connect(s) in the instance.
  output port 'QN' is not connected.


Lint-[TFIPC-L] Too few instance port connections
../../syn/out/mapped/m_fir13_filter.v, 152
fir13_filter, "DFFARX1_RVT x3_reg_0_( .D (x2[0]),  .CLK (clk),  .RSTB (n9),  .Q (x3[0]));"
  The above instance has fewer port connections than the module definition,
  There are 5 port(s) in module "DFFARX1_RVT" definition, but only 4 port 
  connect(s) in the instance.
  output port 'QN' is not connected.


Lint-[TFIPC-L] Too few instance port connections
../../syn/out/mapped/m_fir13_filter.v, 155
fir13_filter, "DFFARX1_RVT x4_reg_6_( .D (x3[6]),  .CLK (clk),  .RSTB (n14),  .Q (x4[6]));"
  The above instance has fewer port connections than the module definition,
  There are 5 port(s) in module "DFFARX1_RVT" definition, but only 4 port 
  connect(s) in the instance.
  output port 'QN' is not connected.


Lint-[TFIPC-L] Too few instance port connections
../../syn/out/mapped/m_fir13_filter.v, 156
fir13_filter, "DFFARX1_RVT x4_reg_5_( .D (x3[5]),  .CLK (clk),  .RSTB (n11),  .Q (x4[5]));"
  The above instance has fewer port connections than the module definition,
  There are 5 port(s) in module "DFFARX1_RVT" definition, but only 4 port 
  connect(s) in the instance.
  output port 'QN' is not connected.


Lint-[TFIPC-L] Too few instance port connections
../../syn/out/mapped/m_fir13_filter.v, 157
fir13_filter, "DFFARX1_RVT x4_reg_4_( .D (x3[4]),  .CLK (clk),  .RSTB (n13),  .Q (x4[4]));"
  The above instance has fewer port connections than the module definition,
  There are 5 port(s) in module "DFFARX1_RVT" definition, but only 4 port 
  connect(s) in the instance.
  output port 'QN' is not connected.


Lint-[TFIPC-L] Too few instance port connections
../../syn/out/mapped/m_fir13_filter.v, 158
fir13_filter, "DFFARX1_RVT x4_reg_3_( .D (x3[3]),  .CLK (clk),  .RSTB (n11),  .Q (x4[3]));"
  The above instance has fewer port connections than the module definition,
  There are 5 port(s) in module "DFFARX1_RVT" definition, but only 4 port 
  connect(s) in the instance.
  output port 'QN' is not connected.


Lint-[TFIPC-L] Too few instance port connections
../../syn/out/mapped/m_fir13_filter.v, 159
fir13_filter, "DFFARX1_RVT x4_reg_2_( .D (x3[2]),  .CLK (clk),  .RSTB (n_rst),  .Q (x4[2]));"
  The above instance has fewer port connections than the module definition,
  There are 5 port(s) in module "DFFARX1_RVT" definition, but only 4 port 
  connect(s) in the instance.
  output port 'QN' is not connected.


Lint-[TFIPC-L] Too few instance port connections
../../syn/out/mapped/m_fir13_filter.v, 160
fir13_filter, "DFFARX1_RVT x4_reg_1_( .D (x3[1]),  .CLK (clk),  .RSTB (n8),  .Q (x4[1]));"
  The above instance has fewer port connections than the module definition,
  There are 5 port(s) in module "DFFARX1_RVT" definition, but only 4 port 
  connect(s) in the instance.
  output port 'QN' is not connected.


Lint-[TFIPC-L] Too few instance port connections
../../syn/out/mapped/m_fir13_filter.v, 161
fir13_filter, "DFFARX1_RVT x4_reg_0_( .D (x3[0]),  .CLK (clk),  .RSTB (n9),  .Q (x4[0]));"
  The above instance has fewer port connections than the module definition,
  There are 5 port(s) in module "DFFARX1_RVT" definition, but only 4 port 
  connect(s) in the instance.
  output port 'QN' is not connected.


Lint-[TFIPC-L] Too few instance port connections
../../syn/out/mapped/m_fir13_filter.v, 164
fir13_filter, "DFFARX1_RVT x5_reg_6_( .D (x4[6]),  .CLK (clk),  .RSTB (n14),  .Q (x5[6]));"
  The above instance has fewer port connections than the module definition,
  There are 5 port(s) in module "DFFARX1_RVT" definition, but only 4 port 
  connect(s) in the instance.
  output port 'QN' is not connected.


Lint-[TFIPC-L] Too few instance port connections
../../syn/out/mapped/m_fir13_filter.v, 165
fir13_filter, "DFFARX1_RVT x5_reg_5_( .D (x4[5]),  .CLK (clk),  .RSTB (n11),  .Q (x5[5]));"
  The above instance has fewer port connections than the module definition,
  There are 5 port(s) in module "DFFARX1_RVT" definition, but only 4 port 
  connect(s) in the instance.
  output port 'QN' is not connected.


Lint-[TFIPC-L] Too few instance port connections
../../syn/out/mapped/m_fir13_filter.v, 166
fir13_filter, "DFFARX1_RVT x5_reg_4_( .D (x4[4]),  .CLK (clk),  .RSTB (n16),  .Q (x5[4]));"
  The above instance has fewer port connections than the module definition,
  There are 5 port(s) in module "DFFARX1_RVT" definition, but only 4 port 
  connect(s) in the instance.
  output port 'QN' is not connected.


Lint-[TFIPC-L] Too few instance port connections
../../syn/out/mapped/m_fir13_filter.v, 167
fir13_filter, "DFFARX1_RVT x5_reg_3_( .D (x4[3]),  .CLK (clk),  .RSTB (n6),  .Q (x5[3]));"
  The above instance has fewer port connections than the module definition,
  There are 5 port(s) in module "DFFARX1_RVT" definition, but only 4 port 
  connect(s) in the instance.
  output port 'QN' is not connected.


Lint-[TFIPC-L] Too few instance port connections
../../syn/out/mapped/m_fir13_filter.v, 168
fir13_filter, "DFFARX1_RVT x5_reg_2_( .D (x4[2]),  .CLK (clk),  .RSTB (n11),  .Q (x5[2]));"
  The above instance has fewer port connections than the module definition,
  There are 5 port(s) in module "DFFARX1_RVT" definition, but only 4 port 
  connect(s) in the instance.
  output port 'QN' is not connected.


Lint-[TFIPC-L] Too few instance port connections
../../syn/out/mapped/m_fir13_filter.v, 169
fir13_filter, "DFFARX1_RVT x5_reg_1_( .D (x4[1]),  .CLK (clk),  .RSTB (n16),  .Q (x5[1]));"
  The above instance has fewer port connections than the module definition,
  There are 5 port(s) in module "DFFARX1_RVT" definition, but only 4 port 
  connect(s) in the instance.
  output port 'QN' is not connected.


Lint-[TFIPC-L] Too few instance port connections
../../syn/out/mapped/m_fir13_filter.v, 172
fir13_filter, "DFFARX1_RVT x6_reg_7_( .D (x5[7]),  .CLK (clk),  .RSTB (n6),  .Q (x6[7]));"
  The above instance has fewer port connections than the module definition,
  There are 5 port(s) in module "DFFARX1_RVT" definition, but only 4 port 
  connect(s) in the instance.
  output port 'QN' is not connected.


Lint-[TFIPC-L] Too few instance port connections
../../syn/out/mapped/m_fir13_filter.v, 173
fir13_filter, "DFFARX1_RVT x6_reg_6_( .D (x5[6]),  .CLK (clk),  .RSTB (n6),  .Q (x6[6]));"
  The above instance has fewer port connections than the module definition,
  There are 5 port(s) in module "DFFARX1_RVT" definition, but only 4 port 
  connect(s) in the instance.
  output port 'QN' is not connected.


Lint-[TFIPC-L] Too few instance port connections
../../syn/out/mapped/m_fir13_filter.v, 174
fir13_filter, "DFFARX1_RVT x6_reg_5_( .D (x5[5]),  .CLK (clk),  .RSTB (n6),  .Q (x6[5]));"
  The above instance has fewer port connections than the module definition,
  There are 5 port(s) in module "DFFARX1_RVT" definition, but only 4 port 
  connect(s) in the instance.
  output port 'QN' is not connected.


Lint-[TFIPC-L] Too few instance port connections
../../syn/out/mapped/m_fir13_filter.v, 175
fir13_filter, "DFFARX1_RVT x6_reg_4_( .D (x5[4]),  .CLK (clk),  .RSTB (n6),  .Q (x6[4]));"
  The above instance has fewer port connections than the module definition,
  There are 5 port(s) in module "DFFARX1_RVT" definition, but only 4 port 
  connect(s) in the instance.
  output port 'QN' is not connected.


Lint-[TFIPC-L] Too few instance port connections
../../syn/out/mapped/m_fir13_filter.v, 176
fir13_filter, "DFFARX1_RVT x6_reg_3_( .D (x5[3]),  .CLK (clk),  .RSTB (n6),  .Q (x6[3]));"
  The above instance has fewer port connections than the module definition,
  There are 5 port(s) in module "DFFARX1_RVT" definition, but only 4 port 
  connect(s) in the instance.
  output port 'QN' is not connected.


Lint-[TFIPC-L] Too few instance port connections
../../syn/out/mapped/m_fir13_filter.v, 177
fir13_filter, "DFFARX1_RVT x6_reg_2_( .D (x5[2]),  .CLK (clk),  .RSTB (n6),  .Q (x6[2]));"
  The above instance has fewer port connections than the module definition,
  There are 5 port(s) in module "DFFARX1_RVT" definition, but only 4 port 
  connect(s) in the instance.
  output port 'QN' is not connected.


Lint-[TFIPC-L] Too few instance port connections
../../syn/out/mapped/m_fir13_filter.v, 184
fir13_filter, "DFFARX1_RVT x7_reg_6_( .D (x6[6]),  .CLK (clk),  .RSTB (n14),  .Q (x7[6]));"
  The above instance has fewer port connections than the module definition,
  There are 5 port(s) in module "DFFARX1_RVT" definition, but only 4 port 
  connect(s) in the instance.
  output port 'QN' is not connected.


Lint-[TFIPC-L] Too few instance port connections
../../syn/out/mapped/m_fir13_filter.v, 185
fir13_filter, "DFFARX1_RVT x7_reg_5_( .D (x6[5]),  .CLK (clk),  .RSTB (n11),  .Q (x7[5]));"
  The above instance has fewer port connections than the module definition,
  There are 5 port(s) in module "DFFARX1_RVT" definition, but only 4 port 
  connect(s) in the instance.
  output port 'QN' is not connected.


Lint-[TFIPC-L] Too few instance port connections
../../syn/out/mapped/m_fir13_filter.v, 186
fir13_filter, "DFFARX1_RVT x7_reg_4_( .D (x6[4]),  .CLK (clk),  .RSTB (n6),  .Q (x7[4]));"
  The above instance has fewer port connections than the module definition,
  There are 5 port(s) in module "DFFARX1_RVT" definition, but only 4 port 
  connect(s) in the instance.
  output port 'QN' is not connected.


Lint-[TFIPC-L] Too few instance port connections
../../syn/out/mapped/m_fir13_filter.v, 187
fir13_filter, "DFFARX1_RVT x7_reg_3_( .D (x6[3]),  .CLK (clk),  .RSTB (n15),  .Q (x7[3]));"
  The above instance has fewer port connections than the module definition,
  There are 5 port(s) in module "DFFARX1_RVT" definition, but only 4 port 
  connect(s) in the instance.
  output port 'QN' is not connected.


Lint-[TFIPC-L] Too few instance port connections
../../syn/out/mapped/m_fir13_filter.v, 188
fir13_filter, "DFFARX1_RVT x7_reg_2_( .D (x6[2]),  .CLK (clk),  .RSTB (n14),  .Q (x7[2]));"
  The above instance has fewer port connections than the module definition,
  There are 5 port(s) in module "DFFARX1_RVT" definition, but only 4 port 
  connect(s) in the instance.
  output port 'QN' is not connected.


Lint-[TFIPC-L] Too few instance port connections
../../syn/out/mapped/m_fir13_filter.v, 189
fir13_filter, "DFFARX1_RVT x7_reg_1_( .D (x6[1]),  .CLK (clk),  .RSTB (n_rst),  .Q (x7[1]));"
  The above instance has fewer port connections than the module definition,
  There are 5 port(s) in module "DFFARX1_RVT" definition, but only 4 port 
  connect(s) in the instance.
  output port 'QN' is not connected.


Lint-[TFIPC-L] Too few instance port connections
../../syn/out/mapped/m_fir13_filter.v, 192
fir13_filter, "DFFARX1_RVT x8_reg_6_( .D (x7[6]),  .CLK (clk),  .RSTB (n17),  .Q (x8[6]));"
  The above instance has fewer port connections than the module definition,
  There are 5 port(s) in module "DFFARX1_RVT" definition, but only 4 port 
  connect(s) in the instance.
  output port 'QN' is not connected.


Lint-[TFIPC-L] Too few instance port connections
../../syn/out/mapped/m_fir13_filter.v, 193
fir13_filter, "DFFARX1_RVT x8_reg_5_( .D (x7[5]),  .CLK (clk),  .RSTB (n16),  .Q (x8[5]));"
  The above instance has fewer port connections than the module definition,
  There are 5 port(s) in module "DFFARX1_RVT" definition, but only 4 port 
  connect(s) in the instance.
  output port 'QN' is not connected.


Lint-[TFIPC-L] Too few instance port connections
../../syn/out/mapped/m_fir13_filter.v, 194
fir13_filter, "DFFARX1_RVT x8_reg_4_( .D (x7[4]),  .CLK (clk),  .RSTB (n15),  .Q (x8[4]));"
  The above instance has fewer port connections than the module definition,
  There are 5 port(s) in module "DFFARX1_RVT" definition, but only 4 port 
  connect(s) in the instance.
  output port 'QN' is not connected.


Lint-[TFIPC-L] Too few instance port connections
../../syn/out/mapped/m_fir13_filter.v, 195
fir13_filter, "DFFARX1_RVT x8_reg_3_( .D (x7[3]),  .CLK (clk),  .RSTB (n14),  .Q (x8[3]));"
  The above instance has fewer port connections than the module definition,
  There are 5 port(s) in module "DFFARX1_RVT" definition, but only 4 port 
  connect(s) in the instance.
  output port 'QN' is not connected.


Lint-[TFIPC-L] Too few instance port connections
../../syn/out/mapped/m_fir13_filter.v, 196
fir13_filter, "DFFARX1_RVT x8_reg_2_( .D (x7[2]),  .CLK (clk),  .RSTB (n16),  .Q (x8[2]));"
  The above instance has fewer port connections than the module definition,
  There are 5 port(s) in module "DFFARX1_RVT" definition, but only 4 port 
  connect(s) in the instance.
  output port 'QN' is not connected.


Lint-[TFIPC-L] Too few instance port connections
../../syn/out/mapped/m_fir13_filter.v, 197
fir13_filter, "DFFARX1_RVT x8_reg_1_( .D (x7[1]),  .CLK (clk),  .RSTB (n17),  .Q (x8[1]));"
  The above instance has fewer port connections than the module definition,
  There are 5 port(s) in module "DFFARX1_RVT" definition, but only 4 port 
  connect(s) in the instance.
  output port 'QN' is not connected.


Lint-[TFIPC-L] Too few instance port connections
../../syn/out/mapped/m_fir13_filter.v, 198
fir13_filter, "DFFARX1_RVT x8_reg_0_( .D (s2_1[0]),  .CLK (clk),  .RSTB (n15),  .Q (x8[0]));"
  The above instance has fewer port connections than the module definition,
  There are 5 port(s) in module "DFFARX1_RVT" definition, but only 4 port 
  connect(s) in the instance.
  output port 'QN' is not connected.


Lint-[TFIPC-L] Too few instance port connections
../../syn/out/mapped/m_fir13_filter.v, 200
fir13_filter, "DFFARX1_RVT x9_reg_6_( .D (x8[6]),  .CLK (clk),  .RSTB (n16),  .Q (x9[6]));"
  The above instance has fewer port connections than the module definition,
  There are 5 port(s) in module "DFFARX1_RVT" definition, but only 4 port 
  connect(s) in the instance.
  output port 'QN' is not connected.


Lint-[TFIPC-L] Too few instance port connections
../../syn/out/mapped/m_fir13_filter.v, 201
fir13_filter, "DFFARX1_RVT x9_reg_5_( .D (x8[5]),  .CLK (clk),  .RSTB (n15),  .Q (x9[5]));"
  The above instance has fewer port connections than the module definition,
  There are 5 port(s) in module "DFFARX1_RVT" definition, but only 4 port 
  connect(s) in the instance.
  output port 'QN' is not connected.


Lint-[TFIPC-L] Too few instance port connections
../../syn/out/mapped/m_fir13_filter.v, 202
fir13_filter, "DFFARX1_RVT x9_reg_4_( .D (x8[4]),  .CLK (clk),  .RSTB (n14),  .Q (x9[4]));"
  The above instance has fewer port connections than the module definition,
  There are 5 port(s) in module "DFFARX1_RVT" definition, but only 4 port 
  connect(s) in the instance.
  output port 'QN' is not connected.


Lint-[TFIPC-L] Too few instance port connections
../../syn/out/mapped/m_fir13_filter.v, 203
fir13_filter, "DFFARX1_RVT x9_reg_3_( .D (x8[3]),  .CLK (clk),  .RSTB (n_rst),  .Q (x9[3]));"
  The above instance has fewer port connections than the module definition,
  There are 5 port(s) in module "DFFARX1_RVT" definition, but only 4 port 
  connect(s) in the instance.
  output port 'QN' is not connected.


Lint-[TFIPC-L] Too few instance port connections
../../syn/out/mapped/m_fir13_filter.v, 204
fir13_filter, "DFFARX1_RVT x9_reg_2_( .D (x8[2]),  .CLK (clk),  .RSTB (n17),  .Q (x9[2]));"
  The above instance has fewer port connections than the module definition,
  There are 5 port(s) in module "DFFARX1_RVT" definition, but only 4 port 
  connect(s) in the instance.
  output port 'QN' is not connected.


Lint-[TFIPC-L] Too few instance port connections
../../syn/out/mapped/m_fir13_filter.v, 205
fir13_filter, "DFFARX1_RVT x9_reg_1_( .D (x8[1]),  .CLK (clk),  .RSTB (n15),  .Q (x9[1]));"
  The above instance has fewer port connections than the module definition,
  There are 5 port(s) in module "DFFARX1_RVT" definition, but only 4 port 
  connect(s) in the instance.
  output port 'QN' is not connected.


Lint-[TFIPC-L] Too few instance port connections
../../syn/out/mapped/m_fir13_filter.v, 206
fir13_filter, "DFFARX1_RVT x9_reg_0_( .D (x8[0]),  .CLK (clk),  .RSTB (n16),  .Q (x9[0]));"
  The above instance has fewer port connections than the module definition,
  There are 5 port(s) in module "DFFARX1_RVT" definition, but only 4 port 
  connect(s) in the instance.
  output port 'QN' is not connected.


Lint-[TFIPC-L] Too few instance port connections
../../syn/out/mapped/m_fir13_filter.v, 207
fir13_filter, "DFFARX1_RVT x10_reg_7_( .D (x9[7]),  .CLK (clk),  .RSTB (n15),  .Q (x10[7]));"
  The above instance has fewer port connections than the module definition,
  There are 5 port(s) in module "DFFARX1_RVT" definition, but only 4 port 
  connect(s) in the instance.
  output port 'QN' is not connected.


Lint-[TFIPC-L] Too few instance port connections
../../syn/out/mapped/m_fir13_filter.v, 210
fir13_filter, "DFFARX1_RVT x12_reg_7_( .D (x11[7]),  .CLK (clk),  .RSTB (n17),  .QN (n128));"
  The above instance has fewer port connections than the module definition,
  There are 5 port(s) in module "DFFARX1_RVT" definition, but only 4 port 
  connect(s) in the instance.
  output port 'Q' is not connected.


Lint-[TFIPC-L] Too few instance port connections
../../syn/out/mapped/m_fir13_filter.v, 211
fir13_filter, "DFFARX1_RVT x10_reg_6_( .D (x9[6]),  .CLK (clk),  .RSTB (n14),  .Q (x10[6]));"
  The above instance has fewer port connections than the module definition,
  There are 5 port(s) in module "DFFARX1_RVT" definition, but only 4 port 
  connect(s) in the instance.
  output port 'QN' is not connected.


Lint-[TFIPC-L] Too few instance port connections
../../syn/out/mapped/m_fir13_filter.v, 212
fir13_filter, "DFFARX1_RVT x11_reg_6_( .D (x10[6]),  .CLK (clk),  .RSTB (n16),  .Q (x11[6]));"
  The above instance has fewer port connections than the module definition,
  There are 5 port(s) in module "DFFARX1_RVT" definition, but only 4 port 
  connect(s) in the instance.
  output port 'QN' is not connected.


Lint-[TFIPC-L] Too few instance port connections
../../syn/out/mapped/m_fir13_filter.v, 213
fir13_filter, "DFFARX1_RVT x12_reg_6_( .D (x11[6]),  .CLK (clk),  .RSTB (n9),  .Q (x12[6]));"
  The above instance has fewer port connections than the module definition,
  There are 5 port(s) in module "DFFARX1_RVT" definition, but only 4 port 
  connect(s) in the instance.
  output port 'QN' is not connected.


Lint-[TFIPC-L] Too few instance port connections
../../syn/out/mapped/m_fir13_filter.v, 214
fir13_filter, "DFFARX1_RVT x10_reg_5_( .D (x9[5]),  .CLK (clk),  .RSTB (n9),  .Q (x10[5]));"
  The above instance has fewer port connections than the module definition,
  There are 5 port(s) in module "DFFARX1_RVT" definition, but only 4 port 
  connect(s) in the instance.
  output port 'QN' is not connected.


Lint-[TFIPC-L] Too few instance port connections
../../syn/out/mapped/m_fir13_filter.v, 215
fir13_filter, "DFFARX1_RVT x11_reg_5_( .D (x10[5]),  .CLK (clk),  .RSTB (n9),  .Q (x11[5]));"
  The above instance has fewer port connections than the module definition,
  There are 5 port(s) in module "DFFARX1_RVT" definition, but only 4 port 
  connect(s) in the instance.
  output port 'QN' is not connected.


Lint-[TFIPC-L] Too few instance port connections
../../syn/out/mapped/m_fir13_filter.v, 216
fir13_filter, "DFFARX1_RVT x12_reg_5_( .D (x11[5]),  .CLK (clk),  .RSTB (n9),  .Q (x12[5]));"
  The above instance has fewer port connections than the module definition,
  There are 5 port(s) in module "DFFARX1_RVT" definition, but only 4 port 
  connect(s) in the instance.
  output port 'QN' is not connected.


Lint-[TFIPC-L] Too few instance port connections
../../syn/out/mapped/m_fir13_filter.v, 217
fir13_filter, "DFFARX1_RVT x10_reg_4_( .D (x9[4]),  .CLK (clk),  .RSTB (n9),  .Q (x10[4]));"
  The above instance has fewer port connections than the module definition,
  There are 5 port(s) in module "DFFARX1_RVT" definition, but only 4 port 
  connect(s) in the instance.
  output port 'QN' is not connected.


Lint-[TFIPC-L] Too few instance port connections
../../syn/out/mapped/m_fir13_filter.v, 218
fir13_filter, "DFFARX1_RVT x11_reg_4_( .D (x10[4]),  .CLK (clk),  .RSTB (n9),  .Q (x11[4]));"
  The above instance has fewer port connections than the module definition,
  There are 5 port(s) in module "DFFARX1_RVT" definition, but only 4 port 
  connect(s) in the instance.
  output port 'QN' is not connected.


Lint-[TFIPC-L] Too few instance port connections
../../syn/out/mapped/m_fir13_filter.v, 219
fir13_filter, "DFFARX1_RVT x12_reg_4_( .D (x11[4]),  .CLK (clk),  .RSTB (n9),  .Q (x12[4]));"
  The above instance has fewer port connections than the module definition,
  There are 5 port(s) in module "DFFARX1_RVT" definition, but only 4 port 
  connect(s) in the instance.
  output port 'QN' is not connected.


Lint-[TFIPC-L] Too few instance port connections
../../syn/out/mapped/m_fir13_filter.v, 220
fir13_filter, "DFFARX1_RVT x10_reg_3_( .D (x9[3]),  .CLK (clk),  .RSTB (n8),  .Q (x10[3]));"
  The above instance has fewer port connections than the module definition,
  There are 5 port(s) in module "DFFARX1_RVT" definition, but only 4 port 
  connect(s) in the instance.
  output port 'QN' is not connected.


Lint-[TFIPC-L] Too few instance port connections
../../syn/out/mapped/m_fir13_filter.v, 221
fir13_filter, "DFFARX1_RVT x11_reg_3_( .D (x10[3]),  .CLK (clk),  .RSTB (n8),  .Q (x11[3]));"
  The above instance has fewer port connections than the module definition,
  There are 5 port(s) in module "DFFARX1_RVT" definition, but only 4 port 
  connect(s) in the instance.
  output port 'QN' is not connected.


Lint-[TFIPC-L] Too few instance port connections
../../syn/out/mapped/m_fir13_filter.v, 222
fir13_filter, "DFFARX1_RVT x12_reg_3_( .D (x11[3]),  .CLK (clk),  .RSTB (n8),  .Q (x12[3]));"
  The above instance has fewer port connections than the module definition,
  There are 5 port(s) in module "DFFARX1_RVT" definition, but only 4 port 
  connect(s) in the instance.
  output port 'QN' is not connected.


Lint-[TFIPC-L] Too few instance port connections
../../syn/out/mapped/m_fir13_filter.v, 223
fir13_filter, "DFFARX1_RVT x10_reg_2_( .D (x9[2]),  .CLK (clk),  .RSTB (n8),  .Q (x10[2]));"
  The above instance has fewer port connections than the module definition,
  There are 5 port(s) in module "DFFARX1_RVT" definition, but only 4 port 
  connect(s) in the instance.
  output port 'QN' is not connected.


Lint-[TFIPC-L] Too few instance port connections
../../syn/out/mapped/m_fir13_filter.v, 224
fir13_filter, "DFFARX1_RVT x11_reg_2_( .D (x10[2]),  .CLK (clk),  .RSTB (n16),  .Q (x11[2]));"
  The above instance has fewer port connections than the module definition,
  There are 5 port(s) in module "DFFARX1_RVT" definition, but only 4 port 
  connect(s) in the instance.
  output port 'QN' is not connected.


Lint-[TFIPC-L] Too few instance port connections
../../syn/out/mapped/m_fir13_filter.v, 225
fir13_filter, "DFFARX1_RVT x12_reg_2_( .D (x11[2]),  .CLK (clk),  .RSTB (n17),  .Q (x12[2]));"
  The above instance has fewer port connections than the module definition,
  There are 5 port(s) in module "DFFARX1_RVT" definition, but only 4 port 
  connect(s) in the instance.
  output port 'QN' is not connected.


Lint-[TFIPC-L] Too few instance port connections
../../syn/out/mapped/m_fir13_filter.v, 226
fir13_filter, "DFFARX1_RVT x10_reg_1_( .D (x9[1]),  .CLK (clk),  .RSTB (n16),  .Q (x10[1]));"
  The above instance has fewer port connections than the module definition,
  There are 5 port(s) in module "DFFARX1_RVT" definition, but only 4 port 
  connect(s) in the instance.
  output port 'QN' is not connected.


Lint-[TFIPC-L] Too few instance port connections
../../syn/out/mapped/m_fir13_filter.v, 227
fir13_filter, "DFFARX1_RVT x11_reg_1_( .D (x10[1]),  .CLK (clk),  .RSTB (n15),  .Q (x11[1]));"
  The above instance has fewer port connections than the module definition,
  There are 5 port(s) in module "DFFARX1_RVT" definition, but only 4 port 
  connect(s) in the instance.
  output port 'QN' is not connected.


Lint-[TFIPC-L] Too few instance port connections
../../syn/out/mapped/m_fir13_filter.v, 228
fir13_filter, "DFFARX1_RVT x12_reg_1_( .D (x11[1]),  .CLK (clk),  .RSTB (n14),  .Q (x12[1]));"
  The above instance has fewer port connections than the module definition,
  There are 5 port(s) in module "DFFARX1_RVT" definition, but only 4 port 
  connect(s) in the instance.
  output port 'QN' is not connected.


Lint-[TFIPC-L] Too few instance port connections
../../syn/out/mapped/m_fir13_filter.v, 229
fir13_filter, "DFFARX1_RVT x10_reg_0_( .D (x9[0]),  .CLK (clk),  .RSTB (n13),  .Q (x10[0]));"
  The above instance has fewer port connections than the module definition,
  There are 5 port(s) in module "DFFARX1_RVT" definition, but only 4 port 
  connect(s) in the instance.
  output port 'QN' is not connected.


Lint-[TFIPC-L] Too few instance port connections
../../syn/out/mapped/m_fir13_filter.v, 230
fir13_filter, "DFFARX1_RVT x11_reg_0_( .D (x10[0]),  .CLK (clk),  .RSTB (n_rst),  .Q (x11[0]));"
  The above instance has fewer port connections than the module definition,
  There are 5 port(s) in module "DFFARX1_RVT" definition, but only 4 port 
  connect(s) in the instance.
  output port 'QN' is not connected.


Lint-[TFIPC-L] Too few instance port connections
../../syn/out/mapped/m_fir13_filter.v, 231
fir13_filter, "DFFARX1_RVT x12_reg_0_( .D (x11[0]),  .CLK (clk),  .RSTB (n16),  .Q (x12[0]));"
  The above instance has fewer port connections than the module definition,
  There are 5 port(s) in module "DFFARX1_RVT" definition, but only 4 port 
  connect(s) in the instance.
  output port 'QN' is not connected.


Lint-[TFIPC-L] Too few instance port connections
../../syn/out/mapped/m_fir13_filter.v, 234
fir13_filter, "DFFARX1_RVT s2_0_reg_14_( .D (N17),  .CLK (clk),  .RSTB (n15),  .Q (s2_0[14]));"
  The above instance has fewer port connections than the module definition,
  There are 5 port(s) in module "DFFARX1_RVT" definition, but only 4 port 
  connect(s) in the instance.
  output port 'QN' is not connected.


Lint-[TFIPC-L] Too few instance port connections
../../syn/out/mapped/m_fir13_filter.v, 235
fir13_filter, "DFFARX1_RVT s2_0_reg_13_( .D (N16),  .CLK (clk),  .RSTB (n14),  .Q (s2_0[13]));"
  The above instance has fewer port connections than the module definition,
  There are 5 port(s) in module "DFFARX1_RVT" definition, but only 4 port 
  connect(s) in the instance.
  output port 'QN' is not connected.


Lint-[TFIPC-L] Too few instance port connections
../../syn/out/mapped/m_fir13_filter.v, 236
fir13_filter, "DFFARX1_RVT s2_0_reg_12_( .D (N15),  .CLK (clk),  .RSTB (n6),  .Q (s2_0[12]));"
  The above instance has fewer port connections than the module definition,
  There are 5 port(s) in module "DFFARX1_RVT" definition, but only 4 port 
  connect(s) in the instance.
  output port 'QN' is not connected.


Lint-[TFIPC-L] Too few instance port connections
../../syn/out/mapped/m_fir13_filter.v, 237
fir13_filter, "DFFARX1_RVT s2_0_reg_11_( .D (N14),  .CLK (clk),  .RSTB (n9),  .Q (s2_0[11]));"
  The above instance has fewer port connections than the module definition,
  There are 5 port(s) in module "DFFARX1_RVT" definition, but only 4 port 
  connect(s) in the instance.
  output port 'QN' is not connected.


Lint-[TFIPC-L] Too few instance port connections
../../syn/out/mapped/m_fir13_filter.v, 238
fir13_filter, "DFFARX1_RVT s2_0_reg_10_( .D (N13),  .CLK (clk),  .RSTB (n10),  .Q (s2_0[10]));"
  The above instance has fewer port connections than the module definition,
  There are 5 port(s) in module "DFFARX1_RVT" definition, but only 4 port 
  connect(s) in the instance.
  output port 'QN' is not connected.


Lint-[TFIPC-L] Too few instance port connections
../../syn/out/mapped/m_fir13_filter.v, 239
fir13_filter, "DFFARX1_RVT s2_0_reg_9_( .D (N12),  .CLK (clk),  .RSTB (n17),  .Q (s2_0[9]));"
  The above instance has fewer port connections than the module definition,
  There are 5 port(s) in module "DFFARX1_RVT" definition, but only 4 port 
  connect(s) in the instance.
  output port 'QN' is not connected.


Lint-[TFIPC-L] Too few instance port connections
../../syn/out/mapped/m_fir13_filter.v, 240
fir13_filter, "DFFARX1_RVT s2_0_reg_8_( .D (N11),  .CLK (clk),  .RSTB (n11),  .Q (s2_0[8]));"
  The above instance has fewer port connections than the module definition,
  There are 5 port(s) in module "DFFARX1_RVT" definition, but only 4 port 
  connect(s) in the instance.
  output port 'QN' is not connected.


Lint-[TFIPC-L] Too few instance port connections
../../syn/out/mapped/m_fir13_filter.v, 241
fir13_filter, "DFFARX1_RVT s2_0_reg_7_( .D (N10),  .CLK (clk),  .RSTB (n7),  .Q (s2_0[7]));"
  The above instance has fewer port connections than the module definition,
  There are 5 port(s) in module "DFFARX1_RVT" definition, but only 4 port 
  connect(s) in the instance.
  output port 'QN' is not connected.


Lint-[TFIPC-L] Too few instance port connections
../../syn/out/mapped/m_fir13_filter.v, 242
fir13_filter, "DFFARX1_RVT s2_0_reg_6_( .D (N9),  .CLK (clk),  .RSTB (n10),  .Q (s2_0[6]));"
  The above instance has fewer port connections than the module definition,
  There are 5 port(s) in module "DFFARX1_RVT" definition, but only 4 port 
  connect(s) in the instance.
  output port 'QN' is not connected.


Lint-[TFIPC-L] Too few instance port connections
../../syn/out/mapped/m_fir13_filter.v, 243
fir13_filter, "DFFARX1_RVT s2_0_reg_5_( .D (N8),  .CLK (clk),  .RSTB (n16),  .Q (s2_0[5]));"
  The above instance has fewer port connections than the module definition,
  There are 5 port(s) in module "DFFARX1_RVT" definition, but only 4 port 
  connect(s) in the instance.
  output port 'QN' is not connected.


Lint-[TFIPC-L] Too few instance port connections
../../syn/out/mapped/m_fir13_filter.v, 244
fir13_filter, "DFFARX1_RVT s2_0_reg_4_( .D (N7),  .CLK (clk),  .RSTB (n8),  .Q (s2_0[4]));"
  The above instance has fewer port connections than the module definition,
  There are 5 port(s) in module "DFFARX1_RVT" definition, but only 4 port 
  connect(s) in the instance.
  output port 'QN' is not connected.


Lint-[TFIPC-L] Too few instance port connections
../../syn/out/mapped/m_fir13_filter.v, 245
fir13_filter, "DFFARX1_RVT s2_0_reg_3_( .D (N6),  .CLK (clk),  .RSTB (n7),  .Q (s2_0[3]));"
  The above instance has fewer port connections than the module definition,
  There are 5 port(s) in module "DFFARX1_RVT" definition, but only 4 port 
  connect(s) in the instance.
  output port 'QN' is not connected.


Lint-[TFIPC-L] Too few instance port connections
../../syn/out/mapped/m_fir13_filter.v, 246
fir13_filter, "DFFARX1_RVT s2_0_reg_2_( .D (N5),  .CLK (clk),  .RSTB (n10),  .Q (s2_0[2]));"
  The above instance has fewer port connections than the module definition,
  There are 5 port(s) in module "DFFARX1_RVT" definition, but only 4 port 
  connect(s) in the instance.
  output port 'QN' is not connected.


Lint-[TFIPC-L] Too few instance port connections
../../syn/out/mapped/m_fir13_filter.v, 247
fir13_filter, "DFFARX1_RVT s2_0_reg_1_( .D (N4),  .CLK (clk),  .RSTB (n15),  .Q (s2_0[1]));"
  The above instance has fewer port connections than the module definition,
  There are 5 port(s) in module "DFFARX1_RVT" definition, but only 4 port 
  connect(s) in the instance.
  output port 'QN' is not connected.


Lint-[TFIPC-L] Too few instance port connections
../../syn/out/mapped/m_fir13_filter.v, 248
fir13_filter, "DFFARX1_RVT s2_0_reg_0_( .D (N3),  .CLK (clk),  .RSTB (n_rst),  .Q (s2_0[0]));"
  The above instance has fewer port connections than the module definition,
  There are 5 port(s) in module "DFFARX1_RVT" definition, but only 4 port 
  connect(s) in the instance.
  output port 'QN' is not connected.


Lint-[TFIPC-L] Too few instance port connections
../../syn/out/mapped/m_fir13_filter.v, 249
fir13_filter, "DFFARX1_RVT s2_1_reg_18_( .D (N38),  .CLK (clk),  .RSTB (n_rst),  .QN (n132));"
  The above instance has fewer port connections than the module definition,
  There are 5 port(s) in module "DFFARX1_RVT" definition, but only 4 port 
  connect(s) in the instance.
  output port 'Q' is not connected.


Lint-[TFIPC-L] Too few instance port connections
../../syn/out/mapped/m_fir13_filter.v, 250
fir13_filter, "DFFARX1_RVT s2_1_reg_16_( .D (N36),  .CLK (clk),  .RSTB (n10),  .Q (s2_1[16]));"
  The above instance has fewer port connections than the module definition,
  There are 5 port(s) in module "DFFARX1_RVT" definition, but only 4 port 
  connect(s) in the instance.
  output port 'QN' is not connected.


Lint-[TFIPC-L] Too few instance port connections
../../syn/out/mapped/m_fir13_filter.v, 251
fir13_filter, "DFFARX1_RVT s2_1_reg_15_( .D (N35),  .CLK (clk),  .RSTB (n8),  .Q (s2_1[15]));"
  The above instance has fewer port connections than the module definition,
  There are 5 port(s) in module "DFFARX1_RVT" definition, but only 4 port 
  connect(s) in the instance.
  output port 'QN' is not connected.


Lint-[TFIPC-L] Too few instance port connections
../../syn/out/mapped/m_fir13_filter.v, 252
fir13_filter, "DFFARX1_RVT s2_1_reg_14_( .D (N34),  .CLK (clk),  .RSTB (n14),  .Q (s2_1[14]));"
  The above instance has fewer port connections than the module definition,
  There are 5 port(s) in module "DFFARX1_RVT" definition, but only 4 port 
  connect(s) in the instance.
  output port 'QN' is not connected.


Lint-[TFIPC-L] Too few instance port connections
../../syn/out/mapped/m_fir13_filter.v, 253
fir13_filter, "DFFARX1_RVT s2_1_reg_13_( .D (N33),  .CLK (clk),  .RSTB (n7),  .Q (s2_1[13]));"
  The above instance has fewer port connections than the module definition,
  There are 5 port(s) in module "DFFARX1_RVT" definition, but only 4 port 
  connect(s) in the instance.
  output port 'QN' is not connected.


Lint-[TFIPC-L] Too few instance port connections
../../syn/out/mapped/m_fir13_filter.v, 254
fir13_filter, "DFFARX1_RVT s2_1_reg_12_( .D (N32),  .CLK (clk),  .RSTB (n10),  .Q (s2_1[12]));"
  The above instance has fewer port connections than the module definition,
  There are 5 port(s) in module "DFFARX1_RVT" definition, but only 4 port 
  connect(s) in the instance.
  output port 'QN' is not connected.


Lint-[TFIPC-L] Too few instance port connections
../../syn/out/mapped/m_fir13_filter.v, 255
fir13_filter, "DFFARX1_RVT s2_1_reg_11_( .D (N31),  .CLK (clk),  .RSTB (n8),  .Q (s2_1[11]));"
  The above instance has fewer port connections than the module definition,
  There are 5 port(s) in module "DFFARX1_RVT" definition, but only 4 port 
  connect(s) in the instance.
  output port 'QN' is not connected.


Lint-[TFIPC-L] Too few instance port connections
../../syn/out/mapped/m_fir13_filter.v, 256
fir13_filter, "DFFARX1_RVT s2_1_reg_10_( .D (N30),  .CLK (clk),  .RSTB (n13),  .Q (s2_1[10]));"
  The above instance has fewer port connections than the module definition,
  There are 5 port(s) in module "DFFARX1_RVT" definition, but only 4 port 
  connect(s) in the instance.
  output port 'QN' is not connected.


Lint-[TFIPC-L] Too few instance port connections
../../syn/out/mapped/m_fir13_filter.v, 257
fir13_filter, "DFFARX1_RVT s2_1_reg_9_( .D (N29),  .CLK (clk),  .RSTB (n7),  .Q (s2_1[9]));"
  The above instance has fewer port connections than the module definition,
  There are 5 port(s) in module "DFFARX1_RVT" definition, but only 4 port 
  connect(s) in the instance.
  output port 'QN' is not connected.


Lint-[TFIPC-L] Too few instance port connections
../../syn/out/mapped/m_fir13_filter.v, 258
fir13_filter, "DFFARX1_RVT s2_1_reg_8_( .D (N28),  .CLK (clk),  .RSTB (n10),  .Q (s2_1[8]));"
  The above instance has fewer port connections than the module definition,
  There are 5 port(s) in module "DFFARX1_RVT" definition, but only 4 port 
  connect(s) in the instance.
  output port 'QN' is not connected.


Lint-[TFIPC-L] Too few instance port connections
../../syn/out/mapped/m_fir13_filter.v, 259
fir13_filter, "DFFARX1_RVT s2_1_reg_7_( .D (N27),  .CLK (clk),  .RSTB (n8),  .Q (s2_1[7]));"
  The above instance has fewer port connections than the module definition,
  There are 5 port(s) in module "DFFARX1_RVT" definition, but only 4 port 
  connect(s) in the instance.
  output port 'QN' is not connected.


Lint-[TFIPC-L] Too few instance port connections
../../syn/out/mapped/m_fir13_filter.v, 260
fir13_filter, "DFFARX1_RVT s2_1_reg_6_( .D (N26),  .CLK (clk),  .RSTB (n8),  .Q (s2_1[6]));"
  The above instance has fewer port connections than the module definition,
  There are 5 port(s) in module "DFFARX1_RVT" definition, but only 4 port 
  connect(s) in the instance.
  output port 'QN' is not connected.


Lint-[TFIPC-L] Too few instance port connections
../../syn/out/mapped/m_fir13_filter.v, 261
fir13_filter, "DFFARX1_RVT s2_1_reg_5_( .D (N25),  .CLK (clk),  .RSTB (n7),  .Q (s2_1[5]));"
  The above instance has fewer port connections than the module definition,
  There are 5 port(s) in module "DFFARX1_RVT" definition, but only 4 port 
  connect(s) in the instance.
  output port 'QN' is not connected.


Lint-[TFIPC-L] Too few instance port connections
../../syn/out/mapped/m_fir13_filter.v, 262
fir13_filter, "DFFARX1_RVT s2_1_reg_4_( .D (N24),  .CLK (clk),  .RSTB (n13),  .Q (s2_1[4]));"
  The above instance has fewer port connections than the module definition,
  There are 5 port(s) in module "DFFARX1_RVT" definition, but only 4 port 
  connect(s) in the instance.
  output port 'QN' is not connected.


Lint-[TFIPC-L] Too few instance port connections
../../syn/out/mapped/m_fir13_filter.v, 263
fir13_filter, "DFFARX1_RVT s2_1_reg_3_( .D (N23),  .CLK (clk),  .RSTB (n13),  .Q (s2_1[3]));"
  The above instance has fewer port connections than the module definition,
  There are 5 port(s) in module "DFFARX1_RVT" definition, but only 4 port 
  connect(s) in the instance.
  output port 'QN' is not connected.


Lint-[TFIPC-L] Too few instance port connections
../../syn/out/mapped/m_fir13_filter.v, 264
fir13_filter, "DFFARX1_RVT s2_1_reg_2_( .D (N22),  .CLK (clk),  .RSTB (n11),  .Q (s2_1[2]));"
  The above instance has fewer port connections than the module definition,
  There are 5 port(s) in module "DFFARX1_RVT" definition, but only 4 port 
  connect(s) in the instance.
  output port 'QN' is not connected.


Lint-[TFIPC-L] Too few instance port connections
../../syn/out/mapped/m_fir13_filter.v, 265
fir13_filter, "DFFARX1_RVT s2_1_reg_1_( .D (N21),  .CLK (clk),  .RSTB (n12),  .Q (s2_1[1]));"
  The above instance has fewer port connections than the module definition,
  There are 5 port(s) in module "DFFARX1_RVT" definition, but only 4 port 
  connect(s) in the instance.
  output port 'QN' is not connected.


Lint-[TFIPC-L] Too few instance port connections
../../syn/out/mapped/m_fir13_filter.v, 270
fir13_filter, "DFFARX1_RVT acc_reg_17_( .D (N47),  .CLK (clk),  .RSTB (n7),  .Q (acc[17]));"
  The above instance has fewer port connections than the module definition,
  There are 5 port(s) in module "DFFARX1_RVT" definition, but only 4 port 
  connect(s) in the instance.
  output port 'QN' is not connected.


Lint-[TFIPC-L] Too few instance port connections
../../syn/out/mapped/m_fir13_filter.v, 271
fir13_filter, "DFFARX1_RVT acc_reg_16_( .D (N46),  .CLK (clk),  .RSTB (n14),  .Q (acc[16]));"
  The above instance has fewer port connections than the module definition,
  There are 5 port(s) in module "DFFARX1_RVT" definition, but only 4 port 
  connect(s) in the instance.
  output port 'QN' is not connected.


Lint-[TFIPC-L] Too few instance port connections
../../syn/out/mapped/m_fir13_filter.v, 272
fir13_filter, "DFFARX1_RVT acc_reg_15_( .D (N45),  .CLK (clk),  .RSTB (n10),  .Q (acc[15]));"
  The above instance has fewer port connections than the module definition,
  There are 5 port(s) in module "DFFARX1_RVT" definition, but only 4 port 
  connect(s) in the instance.
  output port 'QN' is not connected.


Lint-[TFIPC-L] Too few instance port connections
../../syn/out/mapped/m_fir13_filter.v, 273
fir13_filter, "DFFARX1_RVT acc_reg_14_( .D (N44),  .CLK (clk),  .RSTB (n8),  .Q (acc[14]));"
  The above instance has fewer port connections than the module definition,
  There are 5 port(s) in module "DFFARX1_RVT" definition, but only 4 port 
  connect(s) in the instance.
  output port 'QN' is not connected.


Lint-[TFIPC-L] Too few instance port connections
../../syn/out/mapped/m_fir13_filter.v, 274
fir13_filter, "DFFARX1_RVT acc_reg_13_( .D (N43),  .CLK (clk),  .RSTB (n12),  .Q (acc[13]));"
  The above instance has fewer port connections than the module definition,
  There are 5 port(s) in module "DFFARX1_RVT" definition, but only 4 port 
  connect(s) in the instance.
  output port 'QN' is not connected.


Lint-[TFIPC-L] Too few instance port connections
../../syn/out/mapped/m_fir13_filter.v, 275
fir13_filter, "DFFARX1_RVT acc_reg_12_( .D (N42),  .CLK (clk),  .RSTB (n13),  .Q (acc[12]));"
  The above instance has fewer port connections than the module definition,
  There are 5 port(s) in module "DFFARX1_RVT" definition, but only 4 port 
  connect(s) in the instance.
  output port 'QN' is not connected.


Lint-[TFIPC-L] Too few instance port connections
../../syn/out/mapped/m_fir13_filter.v, 276
fir13_filter, "DFFARX1_RVT acc_reg_11_( .D (N41),  .CLK (clk),  .RSTB (n_rst),  .Q (acc[11]));"
  The above instance has fewer port connections than the module definition,
  There are 5 port(s) in module "DFFARX1_RVT" definition, but only 4 port 
  connect(s) in the instance.
  output port 'QN' is not connected.


Lint-[TFIPC-L] Too few instance port connections
../../syn/out/mapped/m_fir13_filter.v, 277
fir13_filter, "DFFARX1_RVT acc_reg_10_( .D (N40),  .CLK (clk),  .RSTB (n10),  .Q (acc[10]));"
  The above instance has fewer port connections than the module definition,
  There are 5 port(s) in module "DFFARX1_RVT" definition, but only 4 port 
  connect(s) in the instance.
  output port 'QN' is not connected.


Lint-[TFIPC-L] Too few instance port connections
../../syn/out/mapped/m_fir13_filter.v, 278
fir13_filter, "DFFARX1_RVT acc_reg_9_( .D (N39),  .CLK (clk),  .RSTB (n7),  .Q (acc[9]));"
  The above instance has fewer port connections than the module definition,
  There are 5 port(s) in module "DFFARX1_RVT" definition, but only 4 port 
  connect(s) in the instance.
  output port 'QN' is not connected.


Lint-[TFIPC-L] Too few instance port connections
../../syn/out/mapped/m_fir13_filter.v, 279
fir13_filter, "DFFARX1_RVT y_out_reg_7_( .D (acc[19]),  .CLK (clk),  .RSTB (n17),  .Q (y_out[7]));"
  The above instance has fewer port connections than the module definition,
  There are 5 port(s) in module "DFFARX1_RVT" definition, but only 4 port 
  connect(s) in the instance.
  output port 'QN' is not connected.


Lint-[TFIPC-L] Too few instance port connections
../../syn/out/mapped/m_fir13_filter.v, 281
fir13_filter, "DFFARX1_RVT y_out_reg_6_( .D (clip[6]),  .CLK (clk),  .RSTB (n12),  .Q (y_out[6]));"
  The above instance has fewer port connections than the module definition,
  There are 5 port(s) in module "DFFARX1_RVT" definition, but only 4 port 
  connect(s) in the instance.
  output port 'QN' is not connected.


Lint-[TFIPC-L] Too few instance port connections
../../syn/out/mapped/m_fir13_filter.v, 283
fir13_filter, "DFFARX1_RVT y_out_reg_5_( .D (clip[5]),  .CLK (clk),  .RSTB (n7),  .Q (y_out[5]));"
  The above instance has fewer port connections than the module definition,
  There are 5 port(s) in module "DFFARX1_RVT" definition, but only 4 port 
  connect(s) in the instance.
  output port 'QN' is not connected.


Lint-[TFIPC-L] Too few instance port connections
../../syn/out/mapped/m_fir13_filter.v, 285
fir13_filter, "DFFARX1_RVT y_out_reg_4_( .D (clip[4]),  .CLK (clk),  .RSTB (n11),  .Q (y_out[4]));"
  The above instance has fewer port connections than the module definition,
  There are 5 port(s) in module "DFFARX1_RVT" definition, but only 4 port 
  connect(s) in the instance.
  output port 'QN' is not connected.


Lint-[TFIPC-L] Too few instance port connections
../../syn/out/mapped/m_fir13_filter.v, 287
fir13_filter, "DFFARX1_RVT y_out_reg_3_( .D (clip[3]),  .CLK (clk),  .RSTB (n13),  .Q (y_out[3]));"
  The above instance has fewer port connections than the module definition,
  There are 5 port(s) in module "DFFARX1_RVT" definition, but only 4 port 
  connect(s) in the instance.
  output port 'QN' is not connected.


Lint-[TFIPC-L] Too few instance port connections
../../syn/out/mapped/m_fir13_filter.v, 289
fir13_filter, "DFFARX1_RVT y_out_reg_2_( .D (clip[2]),  .CLK (clk),  .RSTB (n13),  .Q (y_out[2]));"
  The above instance has fewer port connections than the module definition,
  There are 5 port(s) in module "DFFARX1_RVT" definition, but only 4 port 
  connect(s) in the instance.
  output port 'QN' is not connected.


Lint-[TFIPC-L] Too few instance port connections
../../syn/out/mapped/m_fir13_filter.v, 291
fir13_filter, "DFFARX1_RVT y_out_reg_1_( .D (clip[1]),  .CLK (clk),  .RSTB (n7),  .Q (y_out[1]));"
  The above instance has fewer port connections than the module definition,
  There are 5 port(s) in module "DFFARX1_RVT" definition, but only 4 port 
  connect(s) in the instance.
  output port 'QN' is not connected.


Lint-[TFIPC-L] Too few instance port connections
../../syn/out/mapped/m_fir13_filter.v, 293
fir13_filter, "DFFARX1_RVT y_out_reg_0_( .D (clip[0]),  .CLK (clk),  .RSTB (n13),  .Q (y_out[0]));"
  The above instance has fewer port connections than the module definition,
  There are 5 port(s) in module "DFFARX1_RVT" definition, but only 4 port 
  connect(s) in the instance.
  output port 'QN' is not connected.


Lint-[TFIPC-L] Too few instance port connections
../../syn/out/mapped/m_fir13_filter.v, 711
fir13_filter, "HADDX1_RVT U167( .A0 (n93),  .B0 (intadd_19_n1),  .SO (intadd_14_B_2_));"
  The above instance has fewer port connections than the module definition,
  There are 4 port(s) in module "HADDX1_RVT" definition, but only 3 port 
  connect(s) in the instance.
  output port 'C1' is not connected.


Lint-[TFIPC-L] Too few instance port connections
../../syn/out/mapped/m_fir13_filter.v, 728
fir13_filter, "HADDX1_RVT U178( .A0 (n60),  .B0 (n59),  .SO (n61));"
  The above instance has fewer port connections than the module definition,
  There are 4 port(s) in module "HADDX1_RVT" definition, but only 3 port 
  connect(s) in the instance.
  output port 'C1' is not connected.


Lint-[TFIPC-L] Too few instance port connections
../../syn/out/mapped/m_fir13_filter.v, 735
fir13_filter, "HADDX1_RVT U183( .A0 (n67),  .B0 (intadd_0_B_0_),  .SO (n99));"
  The above instance has fewer port connections than the module definition,
  There are 4 port(s) in module "HADDX1_RVT" definition, but only 3 port 
  connect(s) in the instance.
  output port 'C1' is not connected.


Lint-[TFIPC-L] Too few instance port connections
../../syn/out/mapped/m_fir13_filter.v, 746
fir13_filter, "HADDX1_RVT U192( .A0 (n72),  .B0 (n71),  .SO (intadd_15_B_2_));"
  The above instance has fewer port connections than the module definition,
  There are 4 port(s) in module "HADDX1_RVT" definition, but only 3 port 
  connect(s) in the instance.
  output port 'C1' is not connected.


Lint-[TFIPC-L] Too few instance port connections
../../syn/out/mapped/m_fir13_filter.v, 759
fir13_filter, "HADDX1_RVT U199( .A0 (n100),  .B0 (n84),  .SO (intadd_12_B_2_));"
  The above instance has fewer port connections than the module definition,
  There are 4 port(s) in module "HADDX1_RVT" definition, but only 3 port 
  connect(s) in the instance.
  output port 'C1' is not connected.


Lint-[TFIPC-L] Too few instance port connections
../../syn/out/mapped/m_fir13_filter.v, 768
fir13_filter, "HADDX1_RVT U205( .A0 (n96),  .B0 (n91),  .SO (intadd_18_CI));"
  The above instance has fewer port connections than the module definition,
  There are 4 port(s) in module "HADDX1_RVT" definition, but only 3 port 
  connect(s) in the instance.
  output port 'C1' is not connected.


Lint-[TFIPC-L] Too few instance port connections
../../syn/out/mapped/m_fir13_filter.v, 769
fir13_filter, "HADDX1_RVT U206( .A0 (n93),  .B0 (n92),  .SO (intadd_12_B_4_));"
  The above instance has fewer port connections than the module definition,
  There are 4 port(s) in module "HADDX1_RVT" definition, but only 3 port 
  connect(s) in the instance.
  output port 'C1' is not connected.


Lint-[TFIPC-L] Too few instance port connections
../../syn/out/mapped/m_fir13_filter.v, 773
fir13_filter, "HADDX1_RVT U209( .A0 (n97),  .B0 (n96),  .SO (intadd_0_A_2_));"
  The above instance has fewer port connections than the module definition,
  There are 4 port(s) in module "HADDX1_RVT" definition, but only 3 port 
  connect(s) in the instance.
  output port 'C1' is not connected.


Lint-[TFIPC-L] Too few instance port connections
../../syn/out/mapped/m_fir13_filter.v, 774
fir13_filter, "HADDX1_RVT U210( .A0 (n99),  .B0 (n98),  .SO (intadd_0_B_2_));"
  The above instance has fewer port connections than the module definition,
  There are 4 port(s) in module "HADDX1_RVT" definition, but only 3 port 
  connect(s) in the instance.
  output port 'C1' is not connected.


Lint-[TFIPC-L] Too few instance port connections
../../syn/out/mapped/m_fir13_filter.v, 775
fir13_filter, "HADDX1_RVT U211( .A0 (n101),  .B0 (n100),  .SO (intadd_0_B_3_));"
  The above instance has fewer port connections than the module definition,
  There are 4 port(s) in module "HADDX1_RVT" definition, but only 3 port 
  connect(s) in the instance.
  output port 'C1' is not connected.


Lint-[TFIPC-L] Too few instance port connections
../../syn/out/mapped/m_fir13_filter.v, 783
fir13_filter, "HADDX1_RVT U217( .A0 (x6[7]),  .B0 (n113),  .SO (intadd_13_A_0_));"
  The above instance has fewer port connections than the module definition,
  There are 4 port(s) in module "HADDX1_RVT" definition, but only 3 port 
  connect(s) in the instance.
  output port 'C1' is not connected.


Lint-[TFIPC-L] Too few instance port connections
../../syn/out/mapped/m_fir13_filter.v, 784
fir13_filter, "HADDX1_RVT U218( .A0 (x6[1]),  .B0 (n107),  .SO (n108));"
  The above instance has fewer port connections than the module definition,
  There are 4 port(s) in module "HADDX1_RVT" definition, but only 3 port 
  connect(s) in the instance.
  output port 'C1' is not connected.


Lint-[TFIPC-L] Too few instance port connections
../../syn/out/mapped/m_fir13_filter.v, 791
fir13_filter, "HADDX1_RVT U223( .A0 (n111),  .B0 (n110),  .SO (intadd_3_B_6_));"
  The above instance has fewer port connections than the module definition,
  There are 4 port(s) in module "HADDX1_RVT" definition, but only 3 port 
  connect(s) in the instance.
  output port 'C1' is not connected.


Warning-[DDTC] Duplicate Timing Check is disabled
/tools/dk/SAED32_EDK/lib/stdcell_rvt/verilog/saed32nm.v, 3798
  The below duplicate timing check will be disabled:
  $width(negedge RSTB, 0, 0, notifier);


   ***   $sdf_annotate() version 1.2R
   ***    SDF file: "../../syn/out/mapped/fir13_filter.pre.sdf"
   ***    Annotation scope: tb_fir13_filter.u_fir13_filter
   ***    No MTM selection argument specified
   ***    No SCALE FACTORS argument specified
   ***    No SCALE TYPE argument specified
   ***    MTM selection defaulted to "TOOL_CONTROL":
               (+maxdelays compiled, MAXIMUM delays selected)
   ***    SCALE FACTORS defaulted to "1.0:1.0:1.0":
   ***    SCALE TYPE defaulted to: "FROM_MTM"
   ***    Turnoff delay: "FROM_FILE"
   ***    Approximation (mipd) policy: "MAXIMUM"

   ***    SDF annotation begin: Sun Jun 15 23:50:16 2025


SDF Info: +pulse_r/100, +pulse_e/100 in effect

Warning-[SDFCOM_NL] Negative Limit Not Allowed
../../syn/out/mapped/fir13_filter.pre.sdf, 5818
module: DFFARX1_RVT, "instance: tb_fir13_filter.u_fir13_filter.y_out_reg_0_"
  SDF Warning: $recovery/$removal timing checks does not support negative 
  values.
  Please use $recrem timing check instead.


Warning-[SDFCOM_NL] Negative Limit Not Allowed
../../syn/out/mapped/fir13_filter.pre.sdf, 5818
module: DFFARX1_RVT, "instance: tb_fir13_filter.u_fir13_filter.y_out_reg_0_"
  SDF Warning: $recovery/$removal timing checks does not support negative 
  values.
  Please use $recrem timing check instead.


Warning-[SDFCOM_NL] Negative Limit Not Allowed
../../syn/out/mapped/fir13_filter.pre.sdf, 5818
module: DFFARX1_RVT, "instance: tb_fir13_filter.u_fir13_filter.y_out_reg_0_"
  SDF Warning: $recovery/$removal timing checks does not support negative 
  values.
  Please use $recrem timing check instead.


Warning-[SDFCOM_NL] Negative Limit Not Allowed
../../syn/out/mapped/fir13_filter.pre.sdf, 5841
module: DFFARX1_RVT, "instance: tb_fir13_filter.u_fir13_filter.y_out_reg_1_"
  SDF Warning: $recovery/$removal timing checks does not support negative 
  values.
  Please use $recrem timing check instead.


Warning-[SDFCOM_NL] Negative Limit Not Allowed
../../syn/out/mapped/fir13_filter.pre.sdf, 5841
module: DFFARX1_RVT, "instance: tb_fir13_filter.u_fir13_filter.y_out_reg_1_"
  SDF Warning: $recovery/$removal timing checks does not support negative 
  values.
  Please use $recrem timing check instead.


Warning-[SDFCOM_NL] Negative Limit Not Allowed
../../syn/out/mapped/fir13_filter.pre.sdf, 5841
module: DFFARX1_RVT, "instance: tb_fir13_filter.u_fir13_filter.y_out_reg_1_"
  SDF Warning: $recovery/$removal timing checks does not support negative 
  values.
  Please use $recrem timing check instead.


Warning-[SDFCOM_NL] Negative Limit Not Allowed
../../syn/out/mapped/fir13_filter.pre.sdf, 5864
module: DFFARX1_RVT, "instance: tb_fir13_filter.u_fir13_filter.y_out_reg_2_"
  SDF Warning: $recovery/$removal timing checks does not support negative 
  values.
  Please use $recrem timing check instead.


Warning-[SDFCOM_NL] Negative Limit Not Allowed
../../syn/out/mapped/fir13_filter.pre.sdf, 5864
module: DFFARX1_RVT, "instance: tb_fir13_filter.u_fir13_filter.y_out_reg_2_"
  SDF Warning: $recovery/$removal timing checks does not support negative 
  values.
  Please use $recrem timing check instead.


Warning-[SDFCOM_NL] Negative Limit Not Allowed
../../syn/out/mapped/fir13_filter.pre.sdf, 5864
module: DFFARX1_RVT, "instance: tb_fir13_filter.u_fir13_filter.y_out_reg_2_"
  SDF Warning: $recovery/$removal timing checks does not support negative 
  values.
  Please use $recrem timing check instead.

All future warnings not reported; use +sdfverbose to report them.

Warning-[SDFCOM_NL] Negative Limit Not Allowed
../../syn/out/mapped/fir13_filter.pre.sdf, 5887
module: DFFARX1_RVT, "instance: tb_fir13_filter.u_fir13_filter.y_out_reg_3_"
  SDF Warning: $recovery/$removal timing checks does not support negative 
  values.
  Please use $recrem timing check instead.


          Total errors: 0
          Total warnings: 465
   ***    SDF annotation completed: Sun Jun 15 23:50:16 2025


Starting vcs inline pass...
17 modules and 4 UDPs read.
recompiling module fir13_filter
recompiling module AND2X1_RVT
recompiling module AO21X1_RVT
recompiling module AO222X1_RVT
recompiling module AO22X1_RVT
recompiling module DFFARX1_RVT
recompiling module FADDX1_RVT
recompiling module HADDX1_RVT
recompiling module NAND2X0_RVT
recompiling module NBUFFX2_RVT
recompiling module OA21X1_RVT
recompiling module OA22X1_RVT
recompiling module OAI21X1_RVT
recompiling module OAI222X1_RVT
recompiling module OR2X1_RVT
15 of 17 modules done
	However, due to incremental compilation, only 15 modules need to be compiled. 
rm -f _cuarc*.so _csrc*.so pre_vcsobj_*.so share_vcsobj_*.so
if [ -x ../simv ]; then chmod a-x ../simv; fi
g++  -o ../simv      -rdynamic  -Wl,-rpath='$ORIGIN'/simv.daidir -Wl,-rpath=./simv.daidir \
-Wl,-rpath=/tools/synopsys_2021/vcs/S-2021.09-SP2-9/linux64/lib -L/tools/synopsys_2021/vcs/S-2021.09-SP2-9/linux64/lib \
-Wl,-rpath-link=./  /usr/lib64/libnuma.so.1   objs/amcQw_d.o   _4120147_archive_1.so \
_prev_archive_1.so objs/udps/CZfJ6.o objs/udps/u96GI.o objs/udps/Gjg4Z.o objs/udps/Z0GwU.o \
SIM_l.o      rmapats_mop.o rmapats.o rmar.o rmar_nd.o  rmar_llvm_0_1.o rmar_llvm_0_0.o \
-lvirsim -lerrorinf -lsnpsmalloc -lvfs    -lvcsnew -lsimprofile -luclinative /tools/synopsys_2021/vcs/S-2021.09-SP2-9/linux64/lib/vcs_tls.o \
-Wl,-whole-archive  -lvcsucli    -Wl,-no-whole-archive        _vcs_pli_stub_.o   \
/tools/synopsys_2021/vcs/S-2021.09-SP2-9/linux64/lib/vcs_save_restore_new.o /tools/synopsys_2021/verdi/S-2021.09-SP2-9/share/PLI/VCS/LINUX64/pli.a \
-ldl  -lc -lm -lpthread -ldl 
../simv up to date
CPU time: .450 seconds to compile + .173 seconds to elab + .270 seconds to link
Verdi KDB elaboration done and the database successfully generated: 0 error(s), 0 warning(s)
