 
****************************************
Report : area
Design : mydesign
Version: S-2021.06-SP5-5
Date   : Tue May 20 06:40:29 2025
****************************************

Library(s) Used:

    saed32rvt_ss0p95v125c (File: /tools/dk/SAED32_EDK/lib/stdcell_rvt/db_nldm/saed32rvt_ss0p95v125c.db)

Number of ports:                           15
Number of nets:                            25
Number of cells:                           15
Number of combinational cells:              9
Number of sequential cells:                 6
Number of macros/black boxes:               0
Number of buf/inv:                          2
Number of references:                       5

Combinational area:                 23.381248
Buf/Inv area:                        2.541440
Noncombinational area:              42.696193
Macro/Black Box area:                0.000000
Net Interconnect area:               5.163097

Total cell area:                    66.077441
Total area:                         71.240537

Hierarchical area distribution
------------------------------

                                  Global cell area          Local cell area
                                  ------------------  --------------------------- 
Hierarchical cell                 Absolute   Percent  Combi-    Noncombi-  Black-
                                  Total      Total    national  national   boxes   Design
--------------------------------  ---------  -------  --------  ---------  ------  ---------
mydesign                            66.0774    100.0   23.3812    42.6962  0.0000  mydesign
--------------------------------  ---------  -------  --------  ---------  ------  ---------
Total                                                  23.3812    42.6962  0.0000

1
