Information: Updating design information... (UID-85)
 
****************************************
Report : clocks
Design : mydesign
Version: S-2021.06-SP5-5
Date   : Tue May 20 06:40:29 2025
****************************************

Attributes:
    d - dont_touch_network
    f - fix_hold
    p - propagated_clock
    G - generated_clock
    g - lib_generated_clock

Clock          Period   Waveform            Attrs     Sources
--------------------------------------------------------------------------------
clk              3.00   {0 1.5}                       {clk}
--------------------------------------------------------------------------------
 
****************************************
Report : clock_skew
Design : mydesign
Version: S-2021.06-SP5-5
Date   : Tue May 20 06:40:29 2025
****************************************

                 Rise      Fall  Min Rise  Min fall        Uncertainty
Object          Delay     Delay     Delay     Delay     Plus      Minus
--------------------------------------------------------------------------------
clk              0.30      0.30         -         -         -      0.15

                 Max Source Latency                  Min Source Latency
            Early    Early    Late    Late      Early    Early    Late    Late
Object      Rise     Fall     Rise    Fall      Rise     Fall     Rise    Fall
--------------------------------------------------------------------------------
clk         0.70     0.70     0.70    0.70         -        -        -       -

                 Max Transition      Min Transition
Object           Rise      Fall      Rise      Fall
-------------------------------------------------------
clk              0.12      0.12         -         -
1
