Information: Updating design information... (UID-85)
 
****************************************
Report : clocks
Design : fir13_filter
Version: S-2021.06-SP5-5
Date   : Mon Jun 16 19:12:32 2025
****************************************

Attributes:
    d - dont_touch_network
    f - fix_hold
    p - propagated_clock
    G - generated_clock
    g - lib_generated_clock

Clock          Period   Waveform            Attrs     Sources
--------------------------------------------------------------------------------
clk              2.91   {0 1.455}                     {clk}
--------------------------------------------------------------------------------
 
****************************************
Report : clock_skew
Design : fir13_filter
Version: S-2021.06-SP5-5
Date   : Mon Jun 16 19:12:32 2025
****************************************

                 Rise      Fall  Min Rise  Min fall        Uncertainty
Object          Delay     Delay     Delay     Delay     Plus      Minus
--------------------------------------------------------------------------------
clk              0.50      0.50         -         -         -      0.20

                 Max Source Latency                  Min Source Latency
            Early    Early    Late    Late      Early    Early    Late    Late
Object      Rise     Fall     Rise    Fall      Rise     Fall     Rise    Fall
--------------------------------------------------------------------------------
clk         0.50     0.50     0.50    0.50      0.50     0.50     0.50    0.50

                 Max Transition      Min Transition
Object           Rise      Fall      Rise      Fall
-------------------------------------------------------
clk              0.20      0.20      0.20      0.20
1
