/tools/synopsys_2021/syn/S-2021.06-SP5-5/auxx/gui/dv/dv_setup.tcl
/tools/synopsys_2021/syn/S-2021.06-SP5-5/auxx/gui/syn/snpsSynProcs.tcl
/tools/synopsys_2021/syn/S-2021.06-SP5-5/auxx/gui/syn/layout/pkgIndex.tcl
/tools/synopsys_2021/syn/S-2021.06-SP5-5/auxx/gui/common/3dic/pkgIndex.tcl
/tools/synopsys_2021/syn/S-2021.06-SP5-5/auxx/gui/common/3dlayout/pkgIndex.tcl
/tools/synopsys_2021/syn/S-2021.06-SP5-5/auxx/gui/common/3dmodel/pkgIndex.tcl
/tools/synopsys_2021/syn/S-2021.06-SP5-5/auxx/gui/common/WindowFrameWork/pkgIndex.tcl
/tools/synopsys_2021/syn/S-2021.06-SP5-5/auxx/gui/common/acg/pkgIndex.tcl
/tools/synopsys_2021/syn/S-2021.06-SP5-5/auxx/gui/common/commandform/pkgIndex.tcl
/tools/synopsys_2021/syn/S-2021.06-SP5-5/auxx/gui/common/dialogs/pkgIndex.tcl
/tools/synopsys_2021/syn/S-2021.06-SP5-5/auxx/gui/common/docBrowser/pkgIndex.tcl
/tools/synopsys_2021/syn/S-2021.06-SP5-5/auxx/gui/common/hierAttrView/pkgIndex.tcl
/tools/synopsys_2021/syn/S-2021.06-SP5-5/auxx/gui/common/hierarchy/pkgIndex.tcl
/tools/synopsys_2021/syn/S-2021.06-SP5-5/auxx/gui/common/highlight/pkgIndex.tcl
/tools/synopsys_2021/syn/S-2021.06-SP5-5/auxx/gui/common/histogram/pkgIndex.tcl
/tools/synopsys_2021/syn/S-2021.06-SP5-5/auxx/gui/common/layout/pkgIndex.tcl
/tools/synopsys_2021/syn/S-2021.06-SP5-5/auxx/gui/common/libviewer/pkgIndex.tcl
/tools/synopsys_2021/syn/S-2021.06-SP5-5/auxx/gui/common/menus/pkgIndex.tcl
/tools/synopsys_2021/syn/S-2021.06-SP5-5/auxx/gui/common/misc/pkgIndex.tcl
/tools/synopsys_2021/syn/S-2021.06-SP5-5/auxx/gui/common/mrupalette/pkgIndex.tcl
/tools/synopsys_2021/syn/S-2021.06-SP5-5/auxx/gui/common/opdlg/pkgIndex.tcl
/tools/synopsys_2021/syn/S-2021.06-SP5-5/auxx/gui/common/palettegroup/pkgIndex.tcl
/tools/synopsys_2021/syn/S-2021.06-SP5-5/auxx/gui/common/qtcl/pkgIndex.tcl
/tools/synopsys_2021/syn/S-2021.06-SP5-5/auxx/gui/common/regressionToolkit/pkgIndex.tcl
/tools/synopsys_2021/syn/S-2021.06-SP5-5/auxx/gui/common/rtlxref/pkgIndex.tcl
/tools/synopsys_2021/syn/S-2021.06-SP5-5/auxx/gui/common/schematic/pkgIndex.tcl
/tools/synopsys_2021/syn/S-2021.06-SP5-5/auxx/gui/common/select/pkgIndex.tcl
/tools/synopsys_2021/syn/S-2021.06-SP5-5/auxx/gui/common/setup/pkgIndex.tcl
/tools/synopsys_2021/syn/S-2021.06-SP5-5/auxx/gui/common/strokes/pkgIndex.tcl
/tools/synopsys_2021/syn/S-2021.06-SP5-5/auxx/gui/common/table/pkgIndex.tcl
/tools/synopsys_2021/syn/S-2021.06-SP5-5/auxx/gui/common/taskassistant/pkgIndex.tcl
/tools/synopsys_2021/syn/S-2021.06-SP5-5/auxx/gui/common/tcl-dp/pkgIndex.tcl
/tools/synopsys_2021/syn/S-2021.06-SP5-5/auxx/gui/common/tiledview/pkgIndex.tcl
/tools/synopsys_2021/syn/S-2021.06-SP5-5/auxx/gui/common/timing/pkgIndex.tcl
/tools/synopsys_2021/syn/S-2021.06-SP5-5/auxx/gui/common/tq/pkgIndex.tcl
/tools/synopsys_2021/syn/S-2021.06-SP5-5/auxx/gui/common/utable/pkgIndex.tcl
/tools/synopsys_2021/syn/S-2021.06-SP5-5/auxx/gui/common/view/pkgIndex.tcl
/tools/synopsys_2021/syn/S-2021.06-SP5-5/auxx/gui/dv/pkgIndex.tcl
/tools/synopsys_2021/syn/S-2021.06-SP5-5/auxx/syn/lib/pkgIndex.tcl
/tools/synopsys_2021/syn/S-2021.06-SP5-5/auxx/tcllib/lib/itcl4.0.5/pkgIndex.tcl
/tools/synopsys_2021/syn/S-2021.06-SP5-5/auxx/tcllib/lib/iwidgets4.1/pkgIndex.tcl
/tools/synopsys_2021/syn/S-2021.06-SP5-5/auxx/tcllib/snps_tcl/snpsTclPro/pkgIndex.tcl
/tools/synopsys_2021/syn/S-2021.06-SP5-5/auxx/tcllib/snps_tcl/snpsTest/pkgIndex.tcl
/tools/synopsys_2021/syn/S-2021.06-SP5-5/auxx/tcllib/snps_tcl/snpsUtils/pkgIndex.tcl
/tools/synopsys_2021/syn/S-2021.06-SP5-5/auxx/tcllib/snps_tcl/pkgIndex.tcl
/tools/synopsys_2021/syn/S-2021.06-SP5-5/auxx/tcllib/lib/tcl8.6/dde/pkgIndex.tcl
/tools/synopsys_2021/syn/S-2021.06-SP5-5/auxx/tcllib/lib/tcl8.6/http/pkgIndex.tcl
/tools/synopsys_2021/syn/S-2021.06-SP5-5/auxx/tcllib/lib/tcl8.6/http1.0/pkgIndex.tcl
/tools/synopsys_2021/syn/S-2021.06-SP5-5/auxx/tcllib/lib/tcl8.6/msgcat/pkgIndex.tcl
/tools/synopsys_2021/syn/S-2021.06-SP5-5/auxx/tcllib/lib/tcl8.6/opt/pkgIndex.tcl
/tools/synopsys_2021/syn/S-2021.06-SP5-5/auxx/tcllib/lib/tcl8.6/platform/pkgIndex.tcl
/tools/synopsys_2021/syn/S-2021.06-SP5-5/auxx/tcllib/lib/tcl8.6/reg/pkgIndex.tcl
/tools/synopsys_2021/syn/S-2021.06-SP5-5/auxx/tcllib/lib/tcl8.6/tcltest/pkgIndex.tcl
/tools/synopsys_2021/syn/S-2021.06-SP5-5/auxx/gui/common/setup/snpsCommonSetup.tcl
/tools/synopsys_2021/syn/S-2021.06-SP5-5/auxx/gui/common/setup/snpsCustomize.tcl
/tools/synopsys_2021/syn/S-2021.06-SP5-5/auxx/gui/common/setup/snpsProcheck.tcl
/tools/synopsys_2021/syn/S-2021.06-SP5-5/auxx/gui/common/misc/base.tcl
/tools/synopsys_2021/syn/S-2021.06-SP5-5/auxx/gui/common/misc/timing.tcl
/tools/synopsys_2021/syn/S-2021.06-SP5-5/auxx/gui/common/misc/setting.tcl
/tools/synopsys_2021/syn/S-2021.06-SP5-5/auxx/gui/common/misc/preset.tcl
/tools/synopsys_2021/syn/S-2021.06-SP5-5/auxx/gui/common/WindowFrameWork/windowFrameWork.tcl
/tools/synopsys_2021/syn/S-2021.06-SP5-5/auxx/gui/common/WindowFrameWork/skipBusyCursorCmdList.tcl
/tools/synopsys_2021/syn/S-2021.06-SP5-5/auxx/gui/common/qtcl/.synopsys_qtcl.tcl
/tools/synopsys_2021/syn/S-2021.06-SP5-5/auxx/gui/common/highlight/highlight.tcl
/tools/synopsys_2021/syn/S-2021.06-SP5-5/auxx/gui/common/palettegroup/palettegroup.tcl
/tools/synopsys_2021/syn/S-2021.06-SP5-5/auxx/gui/common/commandform/commandform.tcl
/tools/synopsys_2021/syn/S-2021.06-SP5-5/auxx/gui/common/tiledview/tiledview.tcl
/tools/synopsys_2021/syn/S-2021.06-SP5-5/auxx/gui/common/docBrowser/docBrowser.tcl
/tools/synopsys_2021/syn/S-2021.06-SP5-5/auxx/tcllib/snps_tcl/snpsUtils/snpsUtils.tcl
/tools/synopsys_2021/syn/S-2021.06-SP5-5/auxx/gui/common/dialogs/ObjectChooser.tcl
/tools/synopsys_2021/syn/S-2021.06-SP5-5/auxx/gui/common/misc/DialogObjectChooser.tcl
/tools/synopsys_2021/syn/S-2021.06-SP5-5/auxx/gui/common/dialogs/HistBinInformation.tcl
/tools/synopsys_2021/syn/S-2021.06-SP5-5/auxx/gui/common/dialogs/HistBin1Information.tcl
/tools/synopsys_2021/syn/S-2021.06-SP5-5/auxx/gui/common/dialogs/BinsOnlyInformation.tcl
/tools/synopsys_2021/syn/S-2021.06-SP5-5/auxx/gui/common/dialogs/FileChooser.tcl
/tools/synopsys_2021/syn/S-2021.06-SP5-5/auxx/gui/common/dialogs/PathPinSimpleInfo.tcl
/tools/synopsys_2021/syn/S-2021.06-SP5-5/auxx/gui/common/dialogs/PathsBasicInfo.tcl
/tools/synopsys_2021/syn/S-2021.06-SP5-5/auxx/gui/common/dialogs/PathsBasicSimpleInfo.tcl
/tools/synopsys_2021/syn/S-2021.06-SP5-5/auxx/gui/common/dialogs/SlctOperationInfo.tcl
/tools/synopsys_2021/syn/S-2021.06-SP5-5/auxx/gui/common/dialogs/ObjectListInfo.tcl
/tools/synopsys_2021/syn/S-2021.06-SP5-5/auxx/gui/common/dialogs/FanInOutInfo.tcl
/tools/synopsys_2021/syn/S-2021.06-SP5-5/auxx/gui/common/dialogs/NumberOfLevelsChooser.tcl
/tools/synopsys_2021/syn/S-2021.06-SP5-5/auxx/gui/common/dialogs/WindowReuseInfo.tcl
/tools/synopsys_2021/syn/S-2021.06-SP5-5/auxx/gui/common/dialogs/ReportOutputOptionInfo.tcl
/tools/synopsys_2021/syn/S-2021.06-SP5-5/auxx/gui/common/setup/snpsCollections.tcl
/tools/synopsys_2021/syn/S-2021.06-SP5-5/auxx/gui/common/dialogs/CompileLinkDesign.tcl
/tools/synopsys_2021/syn/S-2021.06-SP5-5/auxx/gui/common/histogram/base.tcl
/tools/synopsys_2021/syn/S-2021.06-SP5-5/auxx/gui/common/histogram/DialogNetCapacitance.tcl
/tools/synopsys_2021/syn/S-2021.06-SP5-5/auxx/gui/common/schematic/DialogPathSchematicFanInOut.tcl
/tools/synopsys_2021/syn/S-2021.06-SP5-5/auxx/gui/common/schematic/DialogPathSchematicAddPaths.tcl
/home1/std251_4/ASIC_final/syn/syn.tcl
/home1/std251_4/ASIC_final/syn/scr/1_run_syn_setup
/home1/std251_4/ASIC_final/syn/.synopsys_dc.setup
/home1/std251_4/ASIC_final/syn/scr/2_run_syn_read_verilog
/tools/dk/SAED32_EDK/lib/stdcell_rvt/db_nldm/saed32rvt_ss0p95v125c.db
/tools/dk/SAED32_EDK/lib/io_std/db_nldm/saed32io_fc_ss0p95v125c_2p25v.db
/tools/dk/SAED32_EDK/lib/pll/db_nldm/saed32pll_ss0p95v125c_2p25v.db
/tools/dk/SAED32_EDK/lib/sram/db_nldm/saed32sram_ss0p95v125c.db
/tools/synopsys_2021/syn/S-2021.06-SP5-5/libraries/syn/dw_foundation.sldb
/tools/synopsys_2021/syn/S-2021.06-SP5-5/libraries/syn/gtech.db
/tools/synopsys_2021/syn/S-2021.06-SP5-5/libraries/syn/standard.sldb
/home1/std251_4/ASIC_final/rtl/fir13_filter.v
/home1/std251_4/ASIC_final/rtl/fir13_filter.v
/home1/std251_4/ASIC_final/syn/scr/3_run_syn_link_check
/home1/std251_4/ASIC_final/syn/scr/4_run_syn_constraints
/home1/std251_4/ASIC_final/Constraint/Constraint.con
/home1/std251_4/ASIC_final/syn/scr/5_run_syn_compile
/tools/dk/SAED32_EDK/lib/stdcell_rvt/db_nldm/saed32rvt_ss0p95v125c.db
/home1/std251_4/ASIC_final/syn/alib-52/saed32rvt_ss0p95v125c.db.alib
/tools/dk/SAED32_EDK/lib/stdcell_rvt/db_nldm/saed32rvt_ss0p95v125c.db
/home1/std251_4/ASIC_final/syn/alib-52/saed32rvt_ss0p95v125c.db.alib
/tools/dk/SAED32_EDK/lib/stdcell_rvt/db_nldm/saed32rvt_ss0p95v125c.db
/tools/dk/SAED32_EDK/lib/io_std/db_nldm/saed32io_fc_ss0p95v125c_2p25v.db
/tools/dk/SAED32_EDK/lib/pll/db_nldm/saed32pll_ss0p95v125c_2p25v.db
/tools/dk/SAED32_EDK/lib/sram/db_nldm/saed32sram_ss0p95v125c.db
/home1/std251_4/ASIC_final/syn/scr/6_run_syn_report
/home1/std251_4/ASIC_final/syn/scr/7_run_syn_write_output
